Log file open, 05/10/19 18:40:54
LogWindows: Failed to load 'aqProf.dll' (GetLastError=126)
LogWindows: File 'aqProf.dll' does not exist
LogWindows: Failed to load 'VtuneApi.dll' (GetLastError=126)
LogWindows: File 'VtuneApi.dll' does not exist
LogWindows: Failed to load 'VtuneApi32e.dll' (GetLastError=126)
LogWindows: File 'VtuneApi32e.dll' does not exist
LogConsoleResponse: Display: Failed to find resolution value strings in scalability ini. Falling back to default.
LogInit: Display: Running engine for game: TP1_Abecasis_Novak
LogPakFile: Registered encryption key '00000000000000000000000000000000': 0 pak files mounted, 0 remain pending
LogPlatformFile: Not using cached read wrapper
LogTaskGraph: Started task graph with 5 named threads and 23 total threads with 3 sets of task threads.
LogStats: Stats thread started at 0.260824
LogD3D11RHI: Loaded GFSDK_Aftermath_Lib.x64.dll
LogICUInternationalization: ICU TimeZone Detection - Raw Offset: -3:00, Platform Override: ''
LogPluginManager: Mounting plugin Paper2D
LogPluginManager: Mounting plugin AISupport
LogPluginManager: Mounting plugin LightPropagationVolume
LogPluginManager: Mounting plugin ActorLayerUtilities
LogPluginManager: Mounting plugin CLionSourceCodeAccess
LogPluginManager: Mounting plugin CodeLiteSourceCodeAccess
LogPluginManager: Mounting plugin GitSourceControl
LogPluginManager: Mounting plugin KDevelopSourceCodeAccess
LogPluginManager: Mounting plugin NullSourceCodeAccess
LogPluginManager: Mounting plugin PerforceSourceControl
LogPluginManager: Mounting plugin SubversionSourceControl
LogPluginManager: Mounting plugin UObjectPlugin
LogPluginManager: Mounting plugin VisualStudioCodeSourceCodeAccess
LogPluginManager: Mounting plugin VisualStudioSourceCodeAccess
LogPluginManager: Mounting plugin XCodeSourceCodeAccess
LogPluginManager: Mounting plugin AssetManagerEditor
LogPluginManager: Mounting plugin CryptoKeys
LogPluginManager: Mounting plugin DataValidation
LogPluginManager: Mounting plugin FacialAnimation
LogPluginManager: Mounting plugin GameplayTagsEditor
LogPluginManager: Mounting plugin MacGraphicsSwitching
LogPluginManager: Mounting plugin MeshEditor
LogPluginManager: Mounting plugin MobileLauncherProfileWizard
LogPluginManager: Mounting plugin PluginBrowser
LogPluginManager: Mounting plugin SpeedTreeImporter
LogPluginManager: Mounting plugin DatasmithContent
LogPluginManager: Mounting plugin VariantManagerContent
LogPluginManager: Mounting plugin AlembicImporter
LogPluginManager: Mounting plugin AppleImageUtils
LogPluginManager: Mounting plugin AppleVision
LogPluginManager: Mounting plugin BackChannel
LogPluginManager: Mounting plugin CharacterAI
LogPluginManager: Mounting plugin GeometryCache
LogPluginManager: Mounting plugin HTML5Networking
LogPluginManager: Mounting plugin ProxyLODPlugin
LogPluginManager: Mounting plugin MagicLeap
LogPluginManager: Mounting plugin MagicLeapMedia
LogPluginManager: Mounting plugin AndroidMedia
LogPluginManager: Mounting plugin AvfMedia
LogPluginManager: Mounting plugin ImgMedia
LogPluginManager: Mounting plugin LinearTimecode
LogPluginManager: Mounting plugin MediaCompositing
LogPluginManager: Mounting plugin MediaPlayerEditor
LogPluginManager: Mounting plugin WebMMedia
LogPluginManager: Mounting plugin WmfMedia
LogPluginManager: Mounting plugin TcpMessaging
LogPluginManager: Mounting plugin UdpMessaging
LogPluginManager: Mounting plugin ActorSequence
LogPluginManager: Mounting plugin LevelSequenceEditor
LogPluginManager: Mounting plugin MatineeToLevelSequence
LogPluginManager: Mounting plugin NetcodeUnitTest
LogPluginManager: Mounting plugin NUTUnrealEngine4
LogPluginManager: Mounting plugin OnlineSubsystemGooglePlay
LogPluginManager: Mounting plugin OnlineSubsystemIOS
LogPluginManager: Mounting plugin OnlineSubsystem
LogPluginManager: Mounting plugin OnlineSubsystemNull
LogPluginManager: Mounting plugin OnlineSubsystemUtils
LogPluginManager: Mounting plugin LauncherChunkInstaller
LogPluginManager: Mounting plugin AndroidDeviceProfileSelector
LogPluginManager: Mounting plugin AndroidMoviePlayer
LogPluginManager: Mounting plugin AndroidPermission
LogPluginManager: Mounting plugin AppleMoviePlayer
LogPluginManager: Mounting plugin ArchVisCharacter
LogPluginManager: Mounting plugin AudioCapture
LogPluginManager: Mounting plugin CableComponent
LogPluginManager: Mounting plugin CustomMeshComponent
LogPluginManager: Mounting plugin EditableMesh
LogPluginManager: Mounting plugin ExampleDeviceProfileSelector
LogPluginManager: Mounting plugin Firebase
LogPluginManager: Mounting plugin GoogleCloudMessaging
LogPluginManager: Mounting plugin IOSDeviceProfileSelector
LogPluginManager: Mounting plugin LinuxDeviceProfileSelector
LogPluginManager: Mounting plugin LocationServicesBPLibrary
LogPluginManager: Mounting plugin MobilePatchingUtils
LogPluginManager: Mounting plugin OculusVR
LogPluginManager: Mounting plugin PhysXVehicles
LogPluginManager: Mounting plugin ProceduralMeshComponent
LogPluginManager: Mounting plugin RuntimePhysXCooking
LogPluginManager: Mounting plugin SteamVR
LogPluginManager: Mounting plugin WebMMoviePlayer
LogPluginManager: Mounting plugin WindowsMoviePlayer
LogStreaming: Display: Took  0.098s to configure plugins.
LogInit: Using libcurl 7.55.1-DEV
LogInit:  - built for x86_64-pc-win32
LogInit:  - supports SSL with OpenSSL/1.0.2h
LogInit:  - supports HTTP deflate (compression) using libz 1.2.8
LogInit:  - other features:
LogInit:      CURL_VERSION_SSL
LogInit:      CURL_VERSION_LIBZ
LogInit:      CURL_VERSION_IPV6
LogInit:      CURL_VERSION_ASYNCHDNS
LogInit:      CURL_VERSION_LARGEFILE
LogInit:      CURL_VERSION_IDN
LogInit:  CurlRequestOptions (configurable via config and command line):
LogInit:  - bVerifyPeer = true  - Libcurl will verify peer certificate
LogInit:  - bUseHttpProxy = true  - Libcurl will use HTTP proxy
LogInit:  - HttpProxyAddress = '192.168.200.5:3128'
LogInit:  - bDontReuseConnections = false  - Libcurl will reuse connections
LogInit:  - MaxHostConnections = 16  - Libcurl will limit the number of connections to a host
LogInit:  - LocalHostAddr = Default
LogInit:  - BufferSize = 65536
LogInit: WinSock: version 1.1 (2.2), MaxSocks=32767, MaxUdp=65467
LogInit: Build: ++UE4+Release-4.21-CL-4753647
LogInit: Engine Version: 4.21.2-4753647+++UE4+Release-4.21
LogInit: Compatible Engine Version: 4.21.0-4541578+++UE4+Release-4.21
LogInit: Net CL: 4541578
LogInit: OS: Windows 10 (), CPU: Intel(R) Core(TM) i7-7700 CPU @ 3.60GHz, GPU: NVIDIA GeForce RTX 2060
LogInit: Compiled (64-bit): Jan 19 2019 02:07:31
LogInit: Compiled with Visual C++: 19.13.26129.00
LogInit: Build Configuration: Development
LogInit: Branch Name: ++UE4+Release-4.21
LogInit: Command Line: 
LogInit: Base Directory: C:/Program Files/Epic Games/UE_4.21/Engine/Binaries/Win64/
LogInit: Installed Engine Build: 1
LogDevObjectVersion: Number of dev versions registered: 22
LogDevObjectVersion:   Dev-Blueprints (B0D832E4-1F89-4F0D-ACCF-7EB736FD4AA2): 10
LogDevObjectVersion:   Dev-Build (E1C64328-A22C-4D53-A36C-8E866417BD8C): 0
LogDevObjectVersion:   Dev-Core (375EC13C-06E4-48FB-B500-84F0262A717E): 2
LogDevObjectVersion:   Dev-Editor (E4B068ED-F494-42E9-A231-DA0B2E46BB41): 26
LogDevObjectVersion:   Dev-Framework (CFFC743F-43B0-4480-9391-14DF171D2073): 34
LogDevObjectVersion:   Dev-Mobile (B02B49B5-BB20-44E9-A304-32B752E40360): 2
LogDevObjectVersion:   Dev-Networking (A4E4105C-59A1-49B5-A7C5-40C4547EDFEE): 0
LogDevObjectVersion:   Dev-Online (39C831C9-5AE6-47DC-9A44-9C173E1C8E7C): 0
LogDevObjectVersion:   Dev-Physics (78F01B33-EBEA-4F98-B9B4-84EACCB95AA2): 0
LogDevObjectVersion:   Dev-Platform (6631380F-2D4D-43E0-8009-CF276956A95A): 0
LogDevObjectVersion:   Dev-Rendering (12F88B9F-8875-4AFC-A67C-D90C383ABD29): 27
LogDevObjectVersion:   Dev-Sequencer (7B5AE74C-D270-4C10-A958-57980B212A5A): 9
LogDevObjectVersion:   Dev-VR (D7296918-1DD6-4BDD-9DE2-64A83CC13884): 2
LogDevObjectVersion:   Dev-LoadTimes (C2A15278-BFE7-4AFE-6C17-90FF531DF755): 1
LogDevObjectVersion:   Private-Geometry (6EACA3D4-40EC-4CC1-B786-8BED09428FC5): 3
LogDevObjectVersion:   Dev-AnimPhys (29E575DD-E0A3-4627-9D10-D276232CDCEA): 17
LogDevObjectVersion:   Dev-Anim (AF43A65D-7FD3-4947-9873-3E8ED9C1BB05): 2
LogDevObjectVersion:   Dev-ReflectionCapture (6B266CEC-1EC7-4B8F-A30B-E4D90942FC07): 1
LogDevObjectVersion:   Dev-Automation (0DF73D61-A23F-47EA-B727-89E90C41499A): 1
LogDevObjectVersion:   FortniteMain (601D1886-AC64-4F84-AA16-D3DE0DEAC7D6): 17
LogDevObjectVersion:   Dev-Enterprise (9DFFBCD6-494F-0158-E221-12823C92A888): 4
LogDevObjectVersion:   Dev-Niagara (F2AED0AC-9AFE-416F-8664-AA7FFA26D6FC): 1
LogStreaming: Display: Took  0.000s to delete old logs.
LogInit: Presizing for max 8388607 objects, including 0 objects not considered by GC, pre-allocating 0 bytes for permanent pool.
LogInit: Object subsystem initialized
LogConfig: Setting CVar [[con.DebugEarlyDefault:1]]
LogConfig: Setting CVar [[r.setres:1280x720]]
[2019.05.10-21.40.54:853][  0]LogConfig: Setting CVar [[r.VSync:0]]
[2019.05.10-21.40.54:853][  0]LogConfig: Setting CVar [[r.RHICmdBypass:0]]
[2019.05.10-21.40.54:853][  0]LogConfig: Applying CVar settings from Section [/Script/Engine.RendererSettings] File [C:/Users/Administrador/Desktop/Unreal-Abecasis-Novak/TP1_Abecasis_Novak/Saved/Config/Windows/Engine.ini]
[2019.05.10-21.40.54:853][  0]LogConfig: Setting CVar [[r.GPUCrashDebugging:0]]
[2019.05.10-21.40.54:853][  0]LogConfig: Applying CVar settings from Section [/Script/Engine.RendererOverrideSettings] File [C:/Users/Administrador/Desktop/Unreal-Abecasis-Novak/TP1_Abecasis_Novak/Saved/Config/Windows/Engine.ini]
[2019.05.10-21.40.54:853][  0]LogConfig: Applying CVar settings from Section [/Script/Engine.StreamingSettings] File [C:/Users/Administrador/Desktop/Unreal-Abecasis-Novak/TP1_Abecasis_Novak/Saved/Config/Windows/Engine.ini]
[2019.05.10-21.40.54:853][  0]LogConfig: Setting CVar [[s.MinBulkDataSizeForAsyncLoading:131072]]
[2019.05.10-21.40.54:853][  0]LogConfig: Setting CVar [[s.AsyncLoadingThreadEnabled:0]]
[2019.05.10-21.40.54:853][  0]LogConfig: Setting CVar [[s.EventDrivenLoaderEnabled:1]]
[2019.05.10-21.40.54:853][  0]LogConfig: Setting CVar [[s.WarnIfTimeLimitExceeded:0]]
[2019.05.10-21.40.54:853][  0]LogConfig: Setting CVar [[s.TimeLimitExceededMultiplier:1.5]]
[2019.05.10-21.40.54:853][  0]LogConfig: Setting CVar [[s.TimeLimitExceededMinTime:0.005]]
[2019.05.10-21.40.54:853][  0]LogConfig: Setting CVar [[s.UseBackgroundLevelStreaming:1]]
[2019.05.10-21.40.54:853][  0]LogConfig: Setting CVar [[s.PriorityAsyncLoadingExtraTime:15.0]]
[2019.05.10-21.40.54:853][  0]LogConfig: Setting CVar [[s.LevelStreamingActorsUpdateTimeLimit:5.0]]
[2019.05.10-21.40.54:853][  0]LogConfig: Setting CVar [[s.PriorityLevelStreamingActorsUpdateExtraTime:5.0]]
[2019.05.10-21.40.54:853][  0]LogConfig: Setting CVar [[s.LevelStreamingComponentsRegistrationGranularity:10]]
[2019.05.10-21.40.54:853][  0]LogConfig: Setting CVar [[s.UnregisterComponentsTimeLimit:1.0]]
[2019.05.10-21.40.54:853][  0]LogConfig: Setting CVar [[s.LevelStreamingComponentsUnregistrationGranularity:5]]
[2019.05.10-21.40.54:853][  0]LogConfig: Applying CVar settings from Section [/Script/Engine.GarbageCollectionSettings] File [C:/Users/Administrador/Desktop/Unreal-Abecasis-Novak/TP1_Abecasis_Novak/Saved/Config/Windows/Engine.ini]
[2019.05.10-21.40.54:853][  0]LogConfig: Setting CVar [[gc.MaxObjectsNotConsideredByGC:1]]
[2019.05.10-21.40.54:853][  0]LogConfig: Setting CVar [[gc.SizeOfPermanentObjectPool:0]]
[2019.05.10-21.40.54:853][  0]LogConfig: Setting CVar [[gc.FlushStreamingOnGC:0]]
[2019.05.10-21.40.54:853][  0]LogConfig: Setting CVar [[gc.NumRetriesBeforeForcingGC:10]]
[2019.05.10-21.40.54:853][  0]LogConfig: Setting CVar [[gc.AllowParallelGC:1]]
[2019.05.10-21.40.54:853][  0]LogConfig: Setting CVar [[gc.TimeBetweenPurgingPendingKillObjects:61.1]]
[2019.05.10-21.40.54:853][  0]LogConfig: Setting CVar [[gc.MaxObjectsInEditor:8388607]]
[2019.05.10-21.40.54:853][  0]LogConfig: Setting CVar [[gc.IncrementalBeginDestroyEnabled:1]]
[2019.05.10-21.40.54:853][  0]LogConfig: Setting CVar [[gc.CreateGCClusters:1]]
[2019.05.10-21.40.54:853][  0]LogConfig: Setting CVar [[gc.MergeGCClusters:0]]
[2019.05.10-21.40.54:853][  0]LogConfig: Setting CVar [[gc.MinGCClusterSize:5]]
[2019.05.10-21.40.54:853][  0]LogConfig: Setting CVar [[gc.ActorClusteringEnabled:0]]
[2019.05.10-21.40.54:853][  0]LogConfig: Setting CVar [[gc.BlueprintClusteringEnabled:0]]
[2019.05.10-21.40.54:853][  0]LogConfig: Setting CVar [[gc.UseDisregardForGCOnDedicatedServers:0]]
[2019.05.10-21.40.54:853][  0]LogConfig: Applying CVar settings from Section [/Script/Engine.NetworkSettings] File [C:/Users/Administrador/Desktop/Unreal-Abecasis-Novak/TP1_Abecasis_Novak/Saved/Config/Windows/Engine.ini]
[2019.05.10-21.40.54:853][  0]LogConfig: Applying CVar settings from Section [/Script/UnrealEd.CookerSettings] File [C:/Users/Administrador/Desktop/Unreal-Abecasis-Novak/TP1_Abecasis_Novak/Saved/Config/Windows/Engine.ini]
[2019.05.10-21.40.54:854][  0]LogConfig: Applying CVar settings from Section [ViewDistanceQuality@3] File [C:/Users/Administrador/Desktop/Unreal-Abecasis-Novak/TP1_Abecasis_Novak/Saved/Config/Windows/Scalability.ini]
[2019.05.10-21.40.54:854][  0]LogConfig: Setting CVar [[r.SkeletalMeshLODBias:0]]
[2019.05.10-21.40.54:854][  0]LogConfig: Setting CVar [[r.ViewDistanceScale:1.0]]
[2019.05.10-21.40.54:854][  0]LogConfig: Applying CVar settings from Section [AntiAliasingQuality@3] File [C:/Users/Administrador/Desktop/Unreal-Abecasis-Novak/TP1_Abecasis_Novak/Saved/Config/Windows/Scalability.ini]
[2019.05.10-21.40.54:854][  0]LogConfig: Setting CVar [[r.PostProcessAAQuality:4]]
[2019.05.10-21.40.54:854][  0]LogConfig: Applying CVar settings from Section [ShadowQuality@3] File [C:/Users/Administrador/Desktop/Unreal-Abecasis-Novak/TP1_Abecasis_Novak/Saved/Config/Windows/Scalability.ini]
[2019.05.10-21.40.54:854][  0]LogConfig: Setting CVar [[r.LightFunctionQuality:1]]
[2019.05.10-21.40.54:854][  0]LogConfig: Setting CVar [[r.ShadowQuality:5]]
[2019.05.10-21.40.54:854][  0]LogConfig: Setting CVar [[r.Shadow.CSM.MaxCascades:10]]
[2019.05.10-21.40.54:854][  0]LogConfig: Setting CVar [[r.Shadow.MaxResolution:2048]]
[2019.05.10-21.40.54:854][  0]LogConfig: Setting CVar [[r.Shadow.MaxCSMResolution:2048]]
[2019.05.10-21.40.54:854][  0]LogConfig: Setting CVar [[r.Shadow.RadiusThreshold:0.01]]
[2019.05.10-21.40.54:854][  0]LogConfig: Setting CVar [[r.Shadow.DistanceScale:1.0]]
[2019.05.10-21.40.54:854][  0]LogConfig: Setting CVar [[r.Shadow.CSM.TransitionScale:1.0]]
[2019.05.10-21.40.54:854][  0]LogConfig: Setting CVar [[r.Shadow.PreShadowResolutionFactor:1.0]]
[2019.05.10-21.40.54:854][  0]LogConfig: Setting CVar [[r.DistanceFieldShadowing:1]]
[2019.05.10-21.40.54:854][  0]LogConfig: Setting CVar [[r.DistanceFieldAO:1]]
[2019.05.10-21.40.54:854][  0]LogConfig: Setting CVar [[r.AOQuality:2]]
[2019.05.10-21.40.54:854][  0]LogConfig: Setting CVar [[r.VolumetricFog:1]]
[2019.05.10-21.40.54:854][  0]LogConfig: Setting CVar [[r.VolumetricFog.GridPixelSize:8]]
[2019.05.10-21.40.54:854][  0]LogConfig: Setting CVar [[r.VolumetricFog.GridSizeZ:128]]
[2019.05.10-21.40.54:854][  0]LogConfig: Setting CVar [[r.VolumetricFog.HistoryMissSupersampleCount:4]]
[2019.05.10-21.40.54:854][  0]LogConfig: Setting CVar [[r.LightMaxDrawDistanceScale:1]]
[2019.05.10-21.40.54:854][  0]LogConfig: Setting CVar [[r.CapsuleShadows:1]]
[2019.05.10-21.40.54:854][  0]LogConfig: Applying CVar settings from Section [PostProcessQuality@3] File [C:/Users/Administrador/Desktop/Unreal-Abecasis-Novak/TP1_Abecasis_Novak/Saved/Config/Windows/Scalability.ini]
[2019.05.10-21.40.54:854][  0]LogConfig: Setting CVar [[r.MotionBlurQuality:4]]
[2019.05.10-21.40.54:854][  0]LogConfig: Setting CVar [[r.AmbientOcclusionMipLevelFactor:0.4]]
[2019.05.10-21.40.54:854][  0]LogConfig: Setting CVar [[r.AmbientOcclusionMaxQuality:100]]
[2019.05.10-21.40.54:854][  0]LogConfig: Setting CVar [[r.AmbientOcclusionLevels:-1]]
[2019.05.10-21.40.54:854][  0]LogConfig: Setting CVar [[r.AmbientOcclusionRadiusScale:1.0]]
[2019.05.10-21.40.54:854][  0]LogConfig: Setting CVar [[r.DepthOfFieldQuality:2]]
[2019.05.10-21.40.54:854][  0]LogConfig: Setting CVar [[r.RenderTargetPoolMin:400]]
[2019.05.10-21.40.54:854][  0]LogConfig: Setting CVar [[r.LensFlareQuality:2]]
[2019.05.10-21.40.54:854][  0]LogConfig: Setting CVar [[r.SceneColorFringeQuality:1]]
[2019.05.10-21.40.54:854][  0]LogConfig: Setting CVar [[r.EyeAdaptationQuality:2]]
[2019.05.10-21.40.54:854][  0]LogConfig: Setting CVar [[r.BloomQuality:5]]
[2019.05.10-21.40.54:854][  0]LogConfig: Setting CVar [[r.FastBlurThreshold:100]]
[2019.05.10-21.40.54:854][  0]LogConfig: Setting CVar [[r.Upscale.Quality:3]]
[2019.05.10-21.40.54:854][  0]LogConfig: Setting CVar [[r.Tonemapper.GrainQuantization:1]]
[2019.05.10-21.40.54:854][  0]LogConfig: Setting CVar [[r.LightShaftQuality:1]]
[2019.05.10-21.40.54:854][  0]LogConfig: Setting CVar [[r.Filter.SizeScale:1]]
[2019.05.10-21.40.54:854][  0]LogConfig: Setting CVar [[r.Tonemapper.Quality:5]]
[2019.05.10-21.40.54:854][  0]LogConfig: Setting CVar [[r.DOF.Gather.AccumulatorQuality:1        ; higher gathering accumulator quality]]
[2019.05.10-21.40.54:854][  0]LogConfig: Setting CVar [[r.DOF.Gather.PostfilterMethod:1          ; Median3x3 postfilering method]]
[2019.05.10-21.40.54:854][  0]LogConfig: Setting CVar [[r.DOF.Gather.EnableBokehSettings:0       ; no bokeh simulation when gathering]]
[2019.05.10-21.40.54:855][  0]LogConfig: Setting CVar [[r.DOF.Gather.RingCount:4                 ; medium number of samples when gathering]]
[2019.05.10-21.40.54:855][  0]LogConfig: Setting CVar [[r.DOF.Scatter.ForegroundCompositing:1    ; additive foreground scattering]]
[2019.05.10-21.40.54:855][  0]LogConfig: Setting CVar [[r.DOF.Scatter.BackgroundCompositing:2    ; additive background scattering]]
[2019.05.10-21.40.54:855][  0]LogConfig: Setting CVar [[r.DOF.Scatter.EnableBokehSettings:1      ; bokeh simulation when scattering]]
[2019.05.10-21.40.54:855][  0]LogConfig: Setting CVar [[r.DOF.Scatter.MaxSpriteRatio:0.1         ; only a maximum of 10% of scattered bokeh]]
[2019.05.10-21.40.54:855][  0]LogConfig: Setting CVar [[r.DOF.Recombine.Quality:1                ; cheap slight out of focus]]
[2019.05.10-21.40.54:855][  0]LogConfig: Setting CVar [[r.DOF.Recombine.EnableBokehSettings:0    ; no bokeh simulation on slight out of focus]]
[2019.05.10-21.40.54:855][  0]LogConfig: Setting CVar [[r.DOF.TemporalAAQuality:1                ; more stable temporal accumulation]]
[2019.05.10-21.40.54:855][  0]LogConfig: Setting CVar [[r.DOF.Kernel.MaxForegroundRadius:0.025]]
[2019.05.10-21.40.54:855][  0]LogConfig: Setting CVar [[r.DOF.Kernel.MaxBackgroundRadius:0.025]]
[2019.05.10-21.40.54:855][  0]LogConfig: Applying CVar settings from Section [TextureQuality@3] File [C:/Users/Administrador/Desktop/Unreal-Abecasis-Novak/TP1_Abecasis_Novak/Saved/Config/Windows/Scalability.ini]
[2019.05.10-21.40.54:855][  0]LogConfig: Setting CVar [[r.Streaming.MipBias:0]]
[2019.05.10-21.40.54:855][  0]LogConfig: Setting CVar [[r.Streaming.AmortizeCPUToGPUCopy:0]]
[2019.05.10-21.40.54:855][  0]LogConfig: Setting CVar [[r.Streaming.MaxNumTexturesToStreamPerFrame:0]]
[2019.05.10-21.40.54:855][  0]LogConfig: Setting CVar [[r.Streaming.Boost:1]]
[2019.05.10-21.40.54:855][  0]LogConfig: Setting CVar [[r.MaxAnisotropy:8]]
[2019.05.10-21.40.54:855][  0]LogConfig: Setting CVar [[r.Streaming.LimitPoolSizeToVRAM:0]]
[2019.05.10-21.40.54:855][  0]LogConfig: Setting CVar [[r.Streaming.PoolSize:1000]]
[2019.05.10-21.40.54:855][  0]LogConfig: Setting CVar [[r.Streaming.MaxEffectiveScreenSize:0]]
[2019.05.10-21.40.54:855][  0]LogConfig: Applying CVar settings from Section [EffectsQuality@3] File [C:/Users/Administrador/Desktop/Unreal-Abecasis-Novak/TP1_Abecasis_Novak/Saved/Config/Windows/Scalability.ini]
[2019.05.10-21.40.54:855][  0]LogConfig: Setting CVar [[r.TranslucencyLightingVolumeDim:64]]
[2019.05.10-21.40.54:855][  0]LogConfig: Setting CVar [[r.RefractionQuality:2]]
[2019.05.10-21.40.54:855][  0]LogConfig: Setting CVar [[r.SSR.Quality:3]]
[2019.05.10-21.40.54:855][  0]LogConfig: Setting CVar [[r.SceneColorFormat:4]]
[2019.05.10-21.40.54:855][  0]LogConfig: Setting CVar [[r.DetailMode:2]]
[2019.05.10-21.40.54:855][  0]LogConfig: Setting CVar [[r.TranslucencyVolumeBlur:1]]
[2019.05.10-21.40.54:855][  0]LogConfig: Setting CVar [[r.MaterialQualityLevel:1 ; High quality]]
[2019.05.10-21.40.54:855][  0]LogConfig: Setting CVar [[r.SSS.Scale:1]]
[2019.05.10-21.40.54:855][  0]LogConfig: Setting CVar [[r.SSS.SampleSet:2]]
[2019.05.10-21.40.54:855][  0]LogConfig: Setting CVar [[r.SSS.Quality:1]]
[2019.05.10-21.40.54:855][  0]LogConfig: Setting CVar [[r.SSS.HalfRes:1]]
[2019.05.10-21.40.54:855][  0]LogConfig: Setting CVar [[r.EmitterSpawnRateScale:1.0]]
[2019.05.10-21.40.54:855][  0]LogConfig: Setting CVar [[r.ParticleLightQuality:2]]
[2019.05.10-21.40.54:855][  0]LogConfig: Applying CVar settings from Section [FoliageQuality@3] File [C:/Users/Administrador/Desktop/Unreal-Abecasis-Novak/TP1_Abecasis_Novak/Saved/Config/Windows/Scalability.ini]
[2019.05.10-21.40.54:855][  0]LogConfig: Setting CVar [[foliage.DensityScale:1.0]]
[2019.05.10-21.40.54:855][  0]LogConfig: Setting CVar [[grass.DensityScale:1.0]]
[2019.05.10-21.40.54:855][  0]LogInit: Selected Device Profile: [Windows]
[2019.05.10-21.40.54:855][  0]LogInit: Applying CVar settings loaded from the selected device profile: [Windows]
[2019.05.10-21.40.54:866][  0]LogHAL: Display: Platform has ~ 16 GB [17114382336 / 17179869184 / 16], which maps to Larger [LargestMinGB=32, LargerMinGB=12, DefaultMinGB=8, SmallerMinGB=6, SmallestMinGB=0)
[2019.05.10-21.40.54:866][  0]LogConfig: Setting CVar [[r.Vulkan.UseRealUBs:1]]
[2019.05.10-21.40.54:866][  0]LogInit: Going up to parent DeviceProfile []
[2019.05.10-21.40.54:866][  0]LogConfig: Applying CVar settings from Section [ViewDistanceQuality@3] File [C:/Users/Administrador/Desktop/Unreal-Abecasis-Novak/TP1_Abecasis_Novak/Saved/Config/Windows/Scalability.ini]
[2019.05.10-21.40.54:866][  0]LogConfig: Setting CVar [[r.SkeletalMeshLODBias:0]]
[2019.05.10-21.40.54:866][  0]LogConfig: Setting CVar [[r.ViewDistanceScale:1.0]]
[2019.05.10-21.40.54:866][  0]LogConfig: Applying CVar settings from Section [AntiAliasingQuality@3] File [C:/Users/Administrador/Desktop/Unreal-Abecasis-Novak/TP1_Abecasis_Novak/Saved/Config/Windows/Scalability.ini]
[2019.05.10-21.40.54:866][  0]LogConfig: Setting CVar [[r.PostProcessAAQuality:4]]
[2019.05.10-21.40.54:866][  0]LogConfig: Applying CVar settings from Section [ShadowQuality@3] File [C:/Users/Administrador/Desktop/Unreal-Abecasis-Novak/TP1_Abecasis_Novak/Saved/Config/Windows/Scalability.ini]
[2019.05.10-21.40.54:866][  0]LogConfig: Setting CVar [[r.LightFunctionQuality:1]]
[2019.05.10-21.40.54:866][  0]LogConfig: Setting CVar [[r.ShadowQuality:5]]
[2019.05.10-21.40.54:866][  0]LogConfig: Setting CVar [[r.Shadow.CSM.MaxCascades:10]]
[2019.05.10-21.40.54:866][  0]LogConfig: Setting CVar [[r.Shadow.MaxResolution:2048]]
[2019.05.10-21.40.54:866][  0]LogConfig: Setting CVar [[r.Shadow.MaxCSMResolution:2048]]
[2019.05.10-21.40.54:866][  0]LogConfig: Setting CVar [[r.Shadow.RadiusThreshold:0.01]]
[2019.05.10-21.40.54:866][  0]LogConfig: Setting CVar [[r.Shadow.DistanceScale:1.0]]
[2019.05.10-21.40.54:866][  0]LogConfig: Setting CVar [[r.Shadow.CSM.TransitionScale:1.0]]
[2019.05.10-21.40.54:866][  0]LogConfig: Setting CVar [[r.Shadow.PreShadowResolutionFactor:1.0]]
[2019.05.10-21.40.54:866][  0]LogConfig: Setting CVar [[r.DistanceFieldShadowing:1]]
[2019.05.10-21.40.54:867][  0]LogConfig: Setting CVar [[r.DistanceFieldAO:1]]
[2019.05.10-21.40.54:867][  0]LogConfig: Setting CVar [[r.AOQuality:2]]
[2019.05.10-21.40.54:867][  0]LogConfig: Setting CVar [[r.VolumetricFog:1]]
[2019.05.10-21.40.54:867][  0]LogConfig: Setting CVar [[r.VolumetricFog.GridPixelSize:8]]
[2019.05.10-21.40.54:867][  0]LogConfig: Setting CVar [[r.VolumetricFog.GridSizeZ:128]]
[2019.05.10-21.40.54:867][  0]LogConfig: Setting CVar [[r.VolumetricFog.HistoryMissSupersampleCount:4]]
[2019.05.10-21.40.54:867][  0]LogConfig: Setting CVar [[r.LightMaxDrawDistanceScale:1]]
[2019.05.10-21.40.54:867][  0]LogConfig: Setting CVar [[r.CapsuleShadows:1]]
[2019.05.10-21.40.54:867][  0]LogConfig: Applying CVar settings from Section [PostProcessQuality@3] File [C:/Users/Administrador/Desktop/Unreal-Abecasis-Novak/TP1_Abecasis_Novak/Saved/Config/Windows/Scalability.ini]
[2019.05.10-21.40.54:867][  0]LogConfig: Setting CVar [[r.MotionBlurQuality:4]]
[2019.05.10-21.40.54:867][  0]LogConfig: Setting CVar [[r.AmbientOcclusionMipLevelFactor:0.4]]
[2019.05.10-21.40.54:867][  0]LogConfig: Setting CVar [[r.AmbientOcclusionMaxQuality:100]]
[2019.05.10-21.40.54:867][  0]LogConfig: Setting CVar [[r.AmbientOcclusionLevels:-1]]
[2019.05.10-21.40.54:867][  0]LogConfig: Setting CVar [[r.AmbientOcclusionRadiusScale:1.0]]
[2019.05.10-21.40.54:867][  0]LogConfig: Setting CVar [[r.DepthOfFieldQuality:2]]
[2019.05.10-21.40.54:867][  0]LogConfig: Setting CVar [[r.RenderTargetPoolMin:400]]
[2019.05.10-21.40.54:867][  0]LogConfig: Setting CVar [[r.LensFlareQuality:2]]
[2019.05.10-21.40.54:867][  0]LogConfig: Setting CVar [[r.SceneColorFringeQuality:1]]
[2019.05.10-21.40.54:867][  0]LogConfig: Setting CVar [[r.EyeAdaptationQuality:2]]
[2019.05.10-21.40.54:867][  0]LogConfig: Setting CVar [[r.BloomQuality:5]]
[2019.05.10-21.40.54:867][  0]LogConfig: Setting CVar [[r.FastBlurThreshold:100]]
[2019.05.10-21.40.54:867][  0]LogConfig: Setting CVar [[r.Upscale.Quality:3]]
[2019.05.10-21.40.54:867][  0]LogConfig: Setting CVar [[r.Tonemapper.GrainQuantization:1]]
[2019.05.10-21.40.54:867][  0]LogConfig: Setting CVar [[r.LightShaftQuality:1]]
[2019.05.10-21.40.54:867][  0]LogConfig: Setting CVar [[r.Filter.SizeScale:1]]
[2019.05.10-21.40.54:867][  0]LogConfig: Setting CVar [[r.Tonemapper.Quality:5]]
[2019.05.10-21.40.54:867][  0]LogConfig: Setting CVar [[r.DOF.Gather.AccumulatorQuality:1        ; higher gathering accumulator quality]]
[2019.05.10-21.40.54:867][  0]LogConfig: Setting CVar [[r.DOF.Gather.PostfilterMethod:1          ; Median3x3 postfilering method]]
[2019.05.10-21.40.54:867][  0]LogConfig: Setting CVar [[r.DOF.Gather.EnableBokehSettings:0       ; no bokeh simulation when gathering]]
[2019.05.10-21.40.54:867][  0]LogConfig: Setting CVar [[r.DOF.Gather.RingCount:4                 ; medium number of samples when gathering]]
[2019.05.10-21.40.54:867][  0]LogConfig: Setting CVar [[r.DOF.Scatter.ForegroundCompositing:1    ; additive foreground scattering]]
[2019.05.10-21.40.54:867][  0]LogConfig: Setting CVar [[r.DOF.Scatter.BackgroundCompositing:2    ; additive background scattering]]
[2019.05.10-21.40.54:867][  0]LogConfig: Setting CVar [[r.DOF.Scatter.EnableBokehSettings:1      ; bokeh simulation when scattering]]
[2019.05.10-21.40.54:867][  0]LogConfig: Setting CVar [[r.DOF.Scatter.MaxSpriteRatio:0.1         ; only a maximum of 10% of scattered bokeh]]
[2019.05.10-21.40.54:867][  0]LogConfig: Setting CVar [[r.DOF.Recombine.Quality:1                ; cheap slight out of focus]]
[2019.05.10-21.40.54:867][  0]LogConfig: Setting CVar [[r.DOF.Recombine.EnableBokehSettings:0    ; no bokeh simulation on slight out of focus]]
[2019.05.10-21.40.54:867][  0]LogConfig: Setting CVar [[r.DOF.TemporalAAQuality:1                ; more stable temporal accumulation]]
[2019.05.10-21.40.54:867][  0]LogConfig: Setting CVar [[r.DOF.Kernel.MaxForegroundRadius:0.025]]
[2019.05.10-21.40.54:867][  0]LogConfig: Setting CVar [[r.DOF.Kernel.MaxBackgroundRadius:0.025]]
[2019.05.10-21.40.54:867][  0]LogConfig: Applying CVar settings from Section [TextureQuality@3] File [C:/Users/Administrador/Desktop/Unreal-Abecasis-Novak/TP1_Abecasis_Novak/Saved/Config/Windows/Scalability.ini]
[2019.05.10-21.40.54:867][  0]LogConfig: Setting CVar [[r.Streaming.MipBias:0]]
[2019.05.10-21.40.54:867][  0]LogConfig: Setting CVar [[r.Streaming.AmortizeCPUToGPUCopy:0]]
[2019.05.10-21.40.54:867][  0]LogConfig: Setting CVar [[r.Streaming.MaxNumTexturesToStreamPerFrame:0]]
[2019.05.10-21.40.54:867][  0]LogConfig: Setting CVar [[r.Streaming.Boost:1]]
[2019.05.10-21.40.54:867][  0]LogConfig: Setting CVar [[r.MaxAnisotropy:8]]
[2019.05.10-21.40.54:867][  0]LogConfig: Setting CVar [[r.Streaming.LimitPoolSizeToVRAM:0]]
[2019.05.10-21.40.54:867][  0]LogConfig: Setting CVar [[r.Streaming.PoolSize:1000]]
[2019.05.10-21.40.54:867][  0]LogConfig: Setting CVar [[r.Streaming.MaxEffectiveScreenSize:0]]
[2019.05.10-21.40.54:867][  0]LogConfig: Applying CVar settings from Section [EffectsQuality@3] File [C:/Users/Administrador/Desktop/Unreal-Abecasis-Novak/TP1_Abecasis_Novak/Saved/Config/Windows/Scalability.ini]
[2019.05.10-21.40.54:867][  0]LogConfig: Setting CVar [[r.TranslucencyLightingVolumeDim:64]]
[2019.05.10-21.40.54:867][  0]LogConfig: Setting CVar [[r.RefractionQuality:2]]
[2019.05.10-21.40.54:867][  0]LogConfig: Setting CVar [[r.SSR.Quality:3]]
[2019.05.10-21.40.54:867][  0]LogConfig: Setting CVar [[r.SceneColorFormat:4]]
[2019.05.10-21.40.54:867][  0]LogConfig: Setting CVar [[r.DetailMode:2]]
[2019.05.10-21.40.54:867][  0]LogConfig: Setting CVar [[r.TranslucencyVolumeBlur:1]]
[2019.05.10-21.40.54:867][  0]LogConfig: Setting CVar [[r.MaterialQualityLevel:1 ; High quality]]
[2019.05.10-21.40.54:867][  0]LogConfig: Setting CVar [[r.SSS.Scale:1]]
[2019.05.10-21.40.54:867][  0]LogConfig: Setting CVar [[r.SSS.SampleSet:2]]
[2019.05.10-21.40.54:867][  0]LogConfig: Setting CVar [[r.SSS.Quality:1]]
[2019.05.10-21.40.54:868][  0]LogConfig: Setting CVar [[r.SSS.HalfRes:1]]
[2019.05.10-21.40.54:868][  0]LogConfig: Setting CVar [[r.EmitterSpawnRateScale:1.0]]
[2019.05.10-21.40.54:868][  0]LogConfig: Setting CVar [[r.ParticleLightQuality:2]]
[2019.05.10-21.40.54:868][  0]LogConfig: Applying CVar settings from Section [FoliageQuality@3] File [C:/Users/Administrador/Desktop/Unreal-Abecasis-Novak/TP1_Abecasis_Novak/Saved/Config/Windows/Scalability.ini]
[2019.05.10-21.40.54:868][  0]LogConfig: Setting CVar [[foliage.DensityScale:1.0]]
[2019.05.10-21.40.54:868][  0]LogConfig: Setting CVar [[grass.DensityScale:1.0]]
[2019.05.10-21.40.54:868][  0]LogConfig: Applying CVar settings from Section [Startup] File [../../../Engine/Config/ConsoleVariables.ini]
[2019.05.10-21.40.54:868][  0]LogConfig: Setting CVar [[net.UseAdaptiveNetUpdateFrequency:0]]
[2019.05.10-21.40.54:868][  0]LogConfig: Applying CVar settings from Section [ConsoleVariables] File [C:/Users/Administrador/Desktop/Unreal-Abecasis-Novak/TP1_Abecasis_Novak/Saved/Config/Windows/Engine.ini]
[2019.05.10-21.40.54:868][  0]LogInit: Computer: A88
[2019.05.10-21.40.54:868][  0]LogInit: User: 88
[2019.05.10-21.40.54:868][  0]LogInit: CPU Page size=4096, Cores=4
[2019.05.10-21.40.54:868][  0]LogInit: High frequency timer resolution =10.000000 MHz
[2019.05.10-21.40.54:868][  0]LogMemory: Memory total: Physical=15.9GB (16GB approx)
[2019.05.10-21.40.54:868][  0]LogMemory: Platform Memory Stats for Windows
[2019.05.10-21.40.54:868][  0]LogMemory: Process Physical Memory: 101.96 MB used, 101.96 MB peak
[2019.05.10-21.40.54:868][  0]LogMemory: Process Virtual Memory: 91.06 MB used, 91.06 MB peak
[2019.05.10-21.40.54:868][  0]LogMemory: Physical Memory: 4625.55 MB used,  11695.99 MB free, 16321.55 MB total
[2019.05.10-21.40.54:868][  0]LogMemory: Virtual Memory: 4650.47 MB used,  134213080.00 MB free, 134217728.00 MB total
[2019.05.10-21.40.54:881][  0]LogInit: Using OS detected language (es-ES).
[2019.05.10-21.40.54:881][  0]LogInit: Using OS detected locale (es-ES).
[2019.05.10-21.40.54:882][  0]LogTextLocalizationManager: No specific localization for 'es-ES' exists, so the 'es' localization will be used.
[2019.05.10-21.40.55:221][  0]LogStreaming: Display: Took  0.340s to InitEngineTextLocalization.
[2019.05.10-21.40.55:222][  0]LogInit: Setting process to per monitor DPI aware
[2019.05.10-21.40.55:241][  0]LogSlate: New Slate User Created.  User Index 0, Is Virtual User: 0
[2019.05.10-21.40.55:241][  0]LogSlate: Slate User Registered.  User Index 0, Is Virtual User: 0
[2019.05.10-21.40.55:389][  0]LogHMD: Failed to initialize OpenVR with code 110
[2019.05.10-21.40.55:389][  0]LogD3D11RHI: D3D11 adapters:
[2019.05.10-21.40.55:440][  0]LogD3D11RHI:    0. 'NVIDIA GeForce RTX 2060' (Feature Level 11_0)
[2019.05.10-21.40.55:440][  0]LogD3D11RHI:       5980/0/8160 MB DedicatedVideo/DedicatedSystem/SharedSystem, Outputs:1, VendorId:0x10de
[2019.05.10-21.40.55:442][  0]LogD3D11RHI:    1. 'Microsoft Basic Render Driver' (Feature Level 11_0)
[2019.05.10-21.40.55:442][  0]LogD3D11RHI:       0/0/8160 MB DedicatedVideo/DedicatedSystem/SharedSystem, Outputs:0, VendorId:0x1414
[2019.05.10-21.40.55:442][  0]LogD3D11RHI: Chosen D3D11 Adapter: 0
[2019.05.10-21.40.55:447][  0]LogD3D11RHI: Creating new Direct3DDevice
[2019.05.10-21.40.55:447][  0]LogD3D11RHI:     GPU DeviceId: 0x1f08 (for the marketing name, search the web for "GPU Device Id")
[2019.05.10-21.40.55:447][  0]LogWindows: EnumDisplayDevices:
[2019.05.10-21.40.55:447][  0]LogWindows:    0. 'NVIDIA GeForce RTX 2060' (P:1 D:1)
[2019.05.10-21.40.55:448][  0]LogWindows:    1. 'NVIDIA GeForce RTX 2060' (P:0 D:0)
[2019.05.10-21.40.55:448][  0]LogWindows:    2. 'NVIDIA GeForce RTX 2060' (P:0 D:0)
[2019.05.10-21.40.55:448][  0]LogWindows:    3. 'NVIDIA GeForce RTX 2060' (P:0 D:0)
[2019.05.10-21.40.55:448][  0]LogWindows: DebugString: FoundDriverCount:4 
[2019.05.10-21.40.55:448][  0]LogD3D11RHI:     Adapter Name: NVIDIA GeForce RTX 2060
[2019.05.10-21.40.55:448][  0]LogD3D11RHI:   Driver Version: 417.71 (internal:25.21.14.1771, unified:417.71)
[2019.05.10-21.40.55:448][  0]LogD3D11RHI:      Driver Date: 1-11-2019
[2019.05.10-21.40.55:448][  0]LogRHI: Texture pool is 4186 MB (70% of 5980 MB)
[2019.05.10-21.40.55:485][  0]LogD3D11RHI: Async texture creation enabled
[2019.05.10-21.40.55:501][  0]LogD3D11RHI: GPU Timing Frequency: 1000.000000 (Debug: 2 2)
[2019.05.10-21.40.55:740][  0]LogTemp: Display: Loaded TP AllDesktopTargetPlatform
[2019.05.10-21.40.55:749][  0]LogTemp: Display: Loaded TP MacClientTargetPlatform
[2019.05.10-21.40.55:759][  0]LogTemp: Display: Loaded TP MacNoEditorTargetPlatform
[2019.05.10-21.40.55:768][  0]LogTemp: Display: Loaded TP MacServerTargetPlatform
[2019.05.10-21.40.55:777][  0]LogTemp: Display: Loaded TP MacTargetPlatform
[2019.05.10-21.40.55:787][  0]LogTemp: Display: Loaded TP WindowsClientTargetPlatform
[2019.05.10-21.40.55:796][  0]LogTemp: Display: Loaded TP WindowsNoEditorTargetPlatform
[2019.05.10-21.40.55:806][  0]LogTemp: Display: Loaded TP WindowsServerTargetPlatform
[2019.05.10-21.40.55:810][  0]LogTemp: Display: Loaded TP WindowsTargetPlatform
[2019.05.10-21.40.55:868][  0]LogTemp: Display: Loaded TP AndroidTargetPlatform
[2019.05.10-21.40.55:868][  0]LogTemp: Display: Loaded TP AndroidTargetPlatform
[2019.05.10-21.40.55:868][  0]LogTemp: Display: Loaded TP AndroidTargetPlatform
[2019.05.10-21.40.55:868][  0]LogTemp: Display: Loaded TP AndroidTargetPlatform
[2019.05.10-21.40.55:868][  0]LogTemp: Display: Loaded TP AndroidTargetPlatform
[2019.05.10-21.40.55:868][  0]LogTemp: Display: Loaded TP AndroidTargetPlatform
[2019.05.10-21.40.55:868][  0]LogTemp: Display: Loaded TP AndroidTargetPlatform
[2019.05.10-21.40.55:868][  0]LogTemp: Display: Loaded TP AndroidTargetPlatform
[2019.05.10-21.40.55:868][  0]LogTemp: Display: Loaded TP AndroidTargetPlatform
[2019.05.10-21.40.55:868][  0]LogTemp: Display: Loaded TP AndroidTargetPlatform
[2019.05.10-21.40.55:868][  0]LogTemp: Display: Loaded TP AndroidTargetPlatform
[2019.05.10-21.40.55:868][  0]LogTemp: Display: Loaded TP AndroidTargetPlatform
[2019.05.10-21.40.55:868][  0]LogTemp: Display: Loaded TP AndroidTargetPlatform
[2019.05.10-21.40.55:868][  0]LogTemp: Display: Loaded TP AndroidTargetPlatform
[2019.05.10-21.40.55:868][  0]LogTemp: Display: Loaded TP AndroidTargetPlatform
[2019.05.10-21.40.55:868][  0]LogTemp: Display: Loaded TP AndroidTargetPlatform
[2019.05.10-21.40.55:868][  0]LogTemp: Display: Loaded TP AndroidTargetPlatform
[2019.05.10-21.40.55:868][  0]LogTemp: Display: Loaded TP AndroidTargetPlatform
[2019.05.10-21.40.55:869][  0]LogTemp: Display: Loaded TP HTML5TargetPlatform
[2019.05.10-21.40.55:922][  0]LogTemp: Display: Loaded TP IOSTargetPlatform
[2019.05.10-21.40.55:922][  0]LogTemp: Display: Loaded TP IOSTargetPlatform
[2019.05.10-21.40.55:968][  0]LogTemp: Display: Loaded TP TVOSTargetPlatform
[2019.05.10-21.40.55:969][  0]LogTemp: Display: Loaded TP TVOSTargetPlatform
[2019.05.10-21.40.55:982][  0]LogTemp: Display: Loaded TP LinuxClientTargetPlatform
[2019.05.10-21.40.55:991][  0]LogTemp: Display: Loaded TP LinuxNoEditorTargetPlatform
[2019.05.10-21.40.56:000][  0]LogTemp: Display: Loaded TP LinuxServerTargetPlatform
[2019.05.10-21.40.56:009][  0]LogTemp: Display: Loaded TP LinuxTargetPlatform
[2019.05.10-21.40.56:041][  0]LogTemp: Display: Loaded TP LuminTargetPlatform
[2019.05.10-21.40.56:041][  0]LogTemp: Display: Loaded TP LuminTargetPlatform
[2019.05.10-21.40.56:041][  0]LogTargetPlatformManager: Display: Building Assets For Windows
[2019.05.10-21.40.56:075][  0]LogShaderCompilers: Guid format shader working directory is -32 characters bigger than the processId version (../../../../../../Users/Administrador/Desktop/Unreal-Abecasis-Novak/TP1_Abecasis_Novak/Intermediate/Shaders/WorkingDirectory/9844/).
[2019.05.10-21.40.56:075][  0]LogShaderCompilers: Cleaned the shader compiler working directory 'C:/Users/Administrador/AppData/Local/Temp/UnrealShaderWorkingDir/CFD8F8544E830CFB2441D9A3091C5853/'.
[2019.05.10-21.40.56:076][  0]LogXGEController: Cannot use XGE Controller as Incredibuild is not installed on this machine.
[2019.05.10-21.40.56:076][  0]LogShaderCompilers: Cannot use XGE Shader Compiler as Incredibuild is not installed on this machine.
[2019.05.10-21.40.56:076][  0]LogShaderCompilers: Display: Using Local Shader Compiler.
[2019.05.10-21.40.56:510][  0]LogDerivedDataCache: Display: Max Cache Size: 512 MB
[2019.05.10-21.40.56:562][  0]LogDerivedDataCache: Loaded boot cache 0.05s 86MB C:/Users/Administrador/AppData/Local/UnrealEngine/4.21/DerivedDataCache/Boot.ddc.
[2019.05.10-21.40.56:562][  0]LogDerivedDataCache: Display: Loaded Boot cache: C:/Users/Administrador/AppData/Local/UnrealEngine/4.21/DerivedDataCache/Boot.ddc
[2019.05.10-21.40.56:562][  0]LogDerivedDataCache: FDerivedDataBackendGraph:  Pak pak cache file ../../../../../../Users/Administrador/Desktop/Unreal-Abecasis-Novak/TP1_Abecasis_Novak/DerivedDataCache/DDC.ddp not found, will not use a pak cache.
[2019.05.10-21.40.56:562][  0]LogDerivedDataCache: Unable to find inner node Pak for hierarchical cache Hierarchy.
[2019.05.10-21.40.56:562][  0]LogDerivedDataCache: FDerivedDataBackendGraph:  CompressedPak pak cache file ../../../../../../Users/Administrador/Desktop/Unreal-Abecasis-Novak/TP1_Abecasis_Novak/DerivedDataCache/Compressed.ddp not found, will not use a pak cache.
[2019.05.10-21.40.56:562][  0]LogDerivedDataCache: Unable to find inner node CompressedPak for hierarchical cache Hierarchy.
[2019.05.10-21.40.56:574][  0]LogDerivedDataCache: Display: Pak cache opened for reading ../../../Engine/DerivedDataCache/Compressed.ddp.
[2019.05.10-21.40.56:574][  0]LogDerivedDataCache: FDerivedDataBackendGraph:  EnterprisePak pak cache file ../../../Enterprise/DerivedDataCache/Compressed.ddp not found, will not use a pak cache.
[2019.05.10-21.40.56:574][  0]LogDerivedDataCache: Unable to find inner node EnterprisePak for hierarchical cache Hierarchy.
[2019.05.10-21.40.56:586][  0]LogDerivedDataCache: Using Local data cache path C:/Users/Administrador/AppData/Local/UnrealEngine/Common/DerivedDataCache: Writable
[2019.05.10-21.40.56:586][  0]LogDerivedDataCache: Shared data cache path not found in *engine.ini, will not use an Shared cache.
[2019.05.10-21.40.56:586][  0]LogDerivedDataCache: Unable to find inner node Shared for hierarchical cache Hierarchy.
[2019.05.10-21.40.56:604][  0]LogMaterial: Verifying Global Shaders for PCD3D_SM5
[2019.05.10-21.40.56:606][  0]LogSlate: Using FreeType 2.6.0
[2019.05.10-21.40.56:606][  0]LogSlate: SlateFontServices - WITH_FREETYPE: 1, WITH_HARFBUZZ: 1
[2019.05.10-21.40.56:676][  0]LogAssetRegistry: FAssetRegistry took 0.0304 seconds to start up
[2019.05.10-21.40.56:961][  0]LogInit: Selected Device Profile: [Windows]
[2019.05.10-21.40.57:087][  0]LogSimplygon: Simplygon DLL not present - disabling.
[2019.05.10-21.40.57:089][  0]LogMeshReduction: Using SimplygonSwarm for distributed automatic mesh merging
[2019.05.10-21.40.57:089][  0]LogMeshReduction: Using ProxyLODMeshReduction for automatic mesh merging
[2019.05.10-21.40.57:089][  0]LogMeshReduction: Using QuadricMeshReduction for automatic static mesh reduction
[2019.05.10-21.40.57:089][  0]LogMeshReduction: No automatic skeletal mesh reduction module available
[2019.05.10-21.40.57:101][  0]LogNetVersion: TP1_Abecasis_Novak 1.0.0, NetCL: 4541578, EngineNetVer: 5, GameNetVer: 0 (Checksum: 836143816)
[2019.05.10-21.40.57:560][  0]LogPackageLocalizationCache: Processed 11 localized package path(s) for 2 prioritized culture(s) in 0.095551 seconds
[2019.05.10-21.40.57:567][  0]LogUObjectArray: 39775 objects as part of root set at end of initial load.
[2019.05.10-21.40.57:568][  0]LogUObjectAllocator: 6914664 out of 0 bytes used by permanent object pool.
[2019.05.10-21.40.57:568][  0]LogUObjectArray: CloseDisregardForGC: 0/0 objects in disregard for GC pool
[2019.05.10-21.40.58:237][  0]LogTcpMessaging: Initializing TcpMessaging bridge
[2019.05.10-21.40.58:249][  0]LogUdpMessaging: Initializing bridge on interface 0.0.0.0:0 to multicast group 230.0.0.1:6666.
[2019.05.10-21.40.58:847][  0]SourceControl: El control de código fuente está desactivado
[2019.05.10-21.40.58:847][  0]SourceControl: El control de código fuente está desactivado
[2019.05.10-21.40.58:848][  0]SourceControl: El control de código fuente está desactivado
[2019.05.10-21.40.58:849][  0]SourceControl: El control de código fuente está desactivado
[2019.05.10-21.40.58:999][  0]LogAndroidPermission: UAndroidPermissionCallbackProxy::GetInstance
[2019.05.10-21.40.59:046][  0]LogOcInput: OculusInput pre-init called
[2019.05.10-21.40.59:172][  0]LogEngine: Initializing Engine...
[2019.05.10-21.40.59:173][  0]LogHMD: Failed to initialize OpenVR with code 110
[2019.05.10-21.40.59:174][  0]LogStats: UGameplayTagsManager::ConstructGameplayTagTree: ImportINI prefixes -  0.000 s
[2019.05.10-21.40.59:174][  0]LogStats: UGameplayTagsManager::ConstructGameplayTagTree: Construct from data asset -  0.000 s
[2019.05.10-21.40.59:174][  0]LogStats: UGameplayTagsManager::ConstructGameplayTagTree: ImportINI -  0.000 s
[2019.05.10-21.40.59:174][  0]LogStats: UGameplayTagsManager::ConstructGameplayTagTree: GameplayTagTreeChangedEvent.Broadcast -  0.000 s
[2019.05.10-21.40.59:387][  0]LogInit: Initializing FReadOnlyCVARCache
[2019.05.10-21.40.59:403][  0]LogAIModule: Creating AISystem for world Untitled
[2019.05.10-21.40.59:412][  0]LogInit: XAudio2 using 'Altavoces (Realtek High Definition Audio)' : 2 channels at 48 kHz using 32 bits per sample (channel mask 0x3)
[2019.05.10-21.40.59:447][  0]LogInit: FAudioDevice initialized.
[2019.05.10-21.40.59:447][  0]LogNetVersion: Set ProjectVersion to 1.0.0.0. Version Checksum will be recalculated on next use.
[2019.05.10-21.40.59:587][  0]LogDerivedDataCache: Saved boot cache 0.14s 86MB C:/Users/Administrador/AppData/Local/UnrealEngine/4.21/DerivedDataCache/Boot.ddc.
[2019.05.10-21.40.59:599][  0]LogInit: Texture streaming: Enabled
[2019.05.10-21.40.59:610][  0]LogEngineSessionManager: EngineSessionManager initialized
[2019.05.10-21.40.59:624][  0]LogInit: Transaction tracking system initialized
[2019.05.10-21.40.59:638][  0]BlueprintLog: New page: Cargar el editor
[2019.05.10-21.40.59:689][  0]LocalizationService: Localization service is disabled
[2019.05.10-21.41.00:075][  0]LogFileCache: Scanning file cache for directory 'C:/Users/Administrador/Desktop/Unreal-Abecasis-Novak/TP1_Abecasis_Novak/Content/' took 0.01s
[2019.05.10-21.41.00:075][  0]LogCook: Display: Max memory allowance for cook 16384mb min free memory 0mb
[2019.05.10-21.41.00:075][  0]LogCook: Display: Mobile HDR setting 1
[2019.05.10-21.41.00:075][  0]LogGameplayTags: Display: UGameplayTagsManager::DoneAddingNativeTags. DelegateIsBound: 0
[2019.05.10-21.41.00:075][  0]LogStats: UGameplayTagsManager::ConstructGameplayTagTree: ImportINI prefixes -  0.000 s
[2019.05.10-21.41.00:075][  0]LogStats: UGameplayTagsManager::ConstructGameplayTagTree: Construct from data asset -  0.000 s
[2019.05.10-21.41.00:075][  0]LogStats: UGameplayTagsManager::ConstructGameplayTagTree: ImportINI -  0.000 s
[2019.05.10-21.41.00:075][  0]LogStats: UGameplayTagsManager::ConstructGameplayTagTree: GameplayTagTreeChangedEvent.Broadcast -  0.000 s
[2019.05.10-21.41.00:170][  0]SourceControl: El control de código fuente está desactivado
[2019.05.10-21.41.00:170][  0]Cmd: MAP LOAD FILE="../../../../../../Users/Administrador/Desktop/Unreal-Abecasis-Novak/TP1_Abecasis_Novak/Content/FirstPersonBP/Maps/FirstPersonExampleMap.umap" TEMPLATE=0 SHOWPROGRESS=1 FEATURELEVEL=3
[2019.05.10-21.41.00:170][  0]LightingResults: New page: Diseñar la iluminación
[2019.05.10-21.41.00:172][  0]MapCheck: New page: Revisión del mapa
[2019.05.10-21.41.00:172][  0]LightingResults: New page: Diseñar la iluminación
[2019.05.10-21.41.00:553][  0]LogTexture: Display: Building textures: HQ_Lightmap1_6 (AutoDXT, 64X64)
[2019.05.10-21.41.00:553][  0]LogTexture: Display: Building textures: HQ_Lightmap1_3 (AutoDXT, 128X128)
[2019.05.10-21.41.00:553][  0]LogTexture: Display: Building textures: HQ_Lightmap1_4 (AutoDXT, 128X128)
[2019.05.10-21.41.00:553][  0]LogTexture: Display: Building textures: HQ_Lightmap1_5 (AutoDXT, 128X128)
[2019.05.10-21.41.00:553][  0]LogTexture: Display: Building textures: HQ_Lightmap1_2 (AutoDXT, 256X256)
[2019.05.10-21.41.00:553][  0]LogTexture: Display: Building textures: HQ_Lightmap1_1 (AutoDXT, 512X512)
[2019.05.10-21.41.00:553][  0]LogTexture: Display: Building textures: LQ_Lightmap_1_1 (DXT1, 512X512)
[2019.05.10-21.41.00:553][  0]LogTexture: Display: Building textures: LQ_Lightmap_1_2 (DXT1, 256X256)
[2019.05.10-21.41.00:553][  0]LogTexture: Display: Building textures: LQ_Lightmap_1_3 (DXT1, 128X128)
[2019.05.10-21.41.00:553][  0]LogTexture: Display: Building textures: LQ_Lightmap_1_4 (DXT1, 128X128)
[2019.05.10-21.41.00:553][  0]LogTexture: Display: Building textures: LQ_Lightmap_1_6 (DXT1, 64X64)
[2019.05.10-21.41.00:553][  0]LogTexture: Display: Building textures: LQ_Lightmap_1_5 (DXT1, 128X128)
[2019.05.10-21.41.00:553][  0]LogTexture: Display: Building textures: ShadowMapTexture2D_10 (G8, 64X64)
[2019.05.10-21.41.00:553][  0]LogTexture: Display: Building textures: ShadowMapTexture2D_11 (G8, 32X32)
[2019.05.10-21.41.00:553][  0]LogTexture: Display: Building textures: ShadowMapTexture2D_6 (BGRA8, 512X128)
[2019.05.10-21.41.00:553][  0]LogTexture: Display: Building textures: ShadowMapTexture2D_8 (G8, 128X64)
[2019.05.10-21.41.00:553][  0]LogTexture: Display: Building textures: ShadowMapTexture2D_9 (G8, 128X64)
[2019.05.10-21.41.00:553][  0]LogTexture: Display: Building textures: Texture2D_1 (BGRA8, 256X256)
[2019.05.10-21.41.00:553][  0]LogTexture: Display: Building textures: Texture2D_2 (BGRA8, 64X64)
[2019.05.10-21.41.00:553][  0]LogTexture: Display: Building textures: Texture2D_4 (BGRA8, 64X64)
[2019.05.10-21.41.00:553][  0]LogTexture: Display: Building textures: Texture2D_6 (BGRA8, 64X64)
[2019.05.10-21.41.00:553][  0]LogTexture: Display: Building textures: Texture2D_3 (BGRA8, 64X64)
[2019.05.10-21.41.00:553][  0]LogTexture: Display: Building textures: Texture2D_8 (BGRA8, 64X64)
[2019.05.10-21.41.00:553][  0]LogTexture: Display: Building textures: Texture2D_5 (BGRA8, 64X64)
[2019.05.10-21.41.00:553][  0]LogTexture: Display: Building textures: ShadowMapTexture2D_7 (BGRA8, 256X64)
[2019.05.10-21.41.00:553][  0]LogMaterial: Display: Missing cached shader map for material Wall, compiling. 
[2019.05.10-21.41.00:636][  0]LogTexture: Display: Building textures: Texture2D_7 (BGRA8, 64X64)
[2019.05.10-21.41.00:636][  0]LogMaterial: Display: Missing cached shader map for material LandscapeMaterial, compiling. 
[2019.05.10-21.41.00:653][  0]LogShaderCompilers: Display: Shaders left to compile 31
[2019.05.10-21.41.00:653][  0]LogShaderCompilers: Display: Shaders left to compile 21
[2019.05.10-21.41.00:653][  0]LogShaderCompilers: Display: Shaders left to compile 11
[2019.05.10-21.41.00:653][  0]LogShaderCompilers: Display: Shaders left to compile 1
[2019.05.10-21.41.00:654][  0]LogMaterial: Display: Missing cached shader map for material InsideWall, compiling. 
[2019.05.10-21.41.00:673][  0]LogMaterial: Display: Missing cached shader map for material Glass, compiling. 
[2019.05.10-21.41.00:800][  0]LogShaderCompilers: Display: Shaders left to compile 62
[2019.05.10-21.41.00:800][  0]LogMaterial: Display: Missing cached shader map for material Floor, compiling. 
[2019.05.10-21.41.00:842][  0]LogMaterial: Display: Missing cached shader map for material LandscapeMaterial, compiling. 
[2019.05.10-21.41.00:874][  0]LogMaterial: Display: Missing cached shader map for material LandscapeMaterial, compiling. 
[2019.05.10-21.41.00:944][  0]LogAIModule: Creating AISystem for world FirstPersonExampleMap
[2019.05.10-21.41.00:997][  0]LogEditorServer: Finished looking for orphan Actors (0.000 secs)
[2019.05.10-21.41.01:019][  0]Cmd: MAP CHECKDEP NOCLEARLOG
[2019.05.10-21.41.01:019][  0]MapCheck: Map check complete: 0 Error(s), 0 Warning(s), took 0,125ms to complete.
[2019.05.10-21.41.01:019][  0]LogFileHelpers: Loading map 'FirstPersonExampleMap' took 0.849
[2019.05.10-21.41.01:155][  0]LogSlate: Updating window title bar state: overlay mode, drag disabled, window buttons hidden, title bar hidden
[2019.05.10-21.41.01:165][  0]LogSlate: Updating window title bar state: overlay mode, drag disabled, window buttons hidden, title bar hidden
[2019.05.10-21.41.01:173][  0]LogSlate: Updating window title bar state: overlay mode, drag disabled, window buttons hidden, title bar hidden
[2019.05.10-21.41.01:182][  0]LogSlate: Updating window title bar state: overlay mode, drag disabled, window buttons hidden, title bar hidden
[2019.05.10-21.41.01:215][  0]LogCollectionManager: Loaded 0 collections in 0.001544 seconds
[2019.05.10-21.41.01:289][  0]LogFileCache: Scanning file cache for directory 'C:/Users/Administrador/Desktop/Unreal-Abecasis-Novak/TP1_Abecasis_Novak/Saved/Collections/' took 0.01s
[2019.05.10-21.41.01:289][  0]LogFileCache: Scanning file cache for directory 'C:/Users/Administrador/Desktop/Unreal-Abecasis-Novak/TP1_Abecasis_Novak/Content/Developers/88/Collections/' took 0.01s
[2019.05.10-21.41.01:289][  0]LogFileCache: Scanning file cache for directory 'C:/Users/Administrador/Desktop/Unreal-Abecasis-Novak/TP1_Abecasis_Novak/Content/Collections/' took 0.01s
[2019.05.10-21.41.01:289][  0]LogCollectionManager: Rebuilt the GUID cache for 0 collections in 0.000001 seconds
[2019.05.10-21.41.01:307][  0]LogContentBrowser: Native class hierarchy populated in 0.0163 seconds. Added 2651 classes and 620 folders.
[2019.05.10-21.41.01:329][  0]LogContentBrowser: Native class hierarchy updated for 'WidgetCarousel' in 0.0004 seconds. Added 0 classes and 0 folders.
[2019.05.10-21.41.01:354][  0]LogPakFile: Registered encryption key '00000000000000000000000000000000': 0 pak files mounted, 0 remain pending
[2019.05.10-21.41.01:372][  0]LogShaderCompilers: Display: Shaders left to compile 248
[2019.05.10-21.41.01:372][  0]LogPakFile: Registered encryption key '00000000000000000000000000000000': 0 pak files mounted, 0 remain pending
[2019.05.10-21.41.01:393][  0]LogPakFile: Registered encryption key '00000000000000000000000000000000': 0 pak files mounted, 0 remain pending
[2019.05.10-21.41.01:401][  0]LogPakFile: Registered encryption key '00000000000000000000000000000000': 0 pak files mounted, 0 remain pending
[2019.05.10-21.41.01:409][  0]LogPakFile: Registered encryption key '00000000000000000000000000000000': 0 pak files mounted, 0 remain pending
[2019.05.10-21.41.01:416][  0]LogPakFile: Registered encryption key '00000000000000000000000000000000': 0 pak files mounted, 0 remain pending
[2019.05.10-21.41.01:423][  0]LogPakFile: Registered encryption key '00000000000000000000000000000000': 0 pak files mounted, 0 remain pending
[2019.05.10-21.41.01:430][  0]LogPakFile: Registered encryption key '00000000000000000000000000000000': 0 pak files mounted, 0 remain pending
[2019.05.10-21.41.01:438][  0]LogPakFile: Registered encryption key '00000000000000000000000000000000': 0 pak files mounted, 0 remain pending
[2019.05.10-21.41.01:448][  0]LogPakFile: Registered encryption key '00000000000000000000000000000000': 0 pak files mounted, 0 remain pending
[2019.05.10-21.41.01:456][  0]LogPakFile: Registered encryption key '00000000000000000000000000000000': 0 pak files mounted, 0 remain pending
[2019.05.10-21.41.01:464][  0]LogPakFile: Registered encryption key '00000000000000000000000000000000': 0 pak files mounted, 0 remain pending
[2019.05.10-21.41.01:473][  0]LogPakFile: Registered encryption key '00000000000000000000000000000000': 0 pak files mounted, 0 remain pending
[2019.05.10-21.41.01:487][  0]LogPakFile: Registered encryption key '00000000000000000000000000000000': 0 pak files mounted, 0 remain pending
[2019.05.10-21.41.01:493][  0]LogPakFile: Registered encryption key '00000000000000000000000000000000': 0 pak files mounted, 0 remain pending
[2019.05.10-21.41.01:499][  0]LogPakFile: Registered encryption key '00000000000000000000000000000000': 0 pak files mounted, 0 remain pending
[2019.05.10-21.41.01:527][  0]LogPakFile: Registered encryption key '00000000000000000000000000000000': 0 pak files mounted, 0 remain pending
[2019.05.10-21.41.01:536][  0]LogPakFile: Registered encryption key '00000000000000000000000000000000': 0 pak files mounted, 0 remain pending
[2019.05.10-21.41.01:544][  0]LogPakFile: Registered encryption key '00000000000000000000000000000000': 0 pak files mounted, 0 remain pending
[2019.05.10-21.41.01:553][  0]LogPakFile: Registered encryption key '00000000000000000000000000000000': 0 pak files mounted, 0 remain pending
[2019.05.10-21.41.01:585][  0]LogPakFile: Registered encryption key '00000000000000000000000000000000': 0 pak files mounted, 0 remain pending
[2019.05.10-21.41.01:594][  0]LogPakFile: Registered encryption key '00000000000000000000000000000000': 0 pak files mounted, 0 remain pending
[2019.05.10-21.41.01:603][  0]LogPakFile: Registered encryption key '00000000000000000000000000000000': 0 pak files mounted, 0 remain pending
[2019.05.10-21.41.01:612][  0]LogPakFile: Registered encryption key '00000000000000000000000000000000': 0 pak files mounted, 0 remain pending
[2019.05.10-21.41.01:621][  0]LogPakFile: Registered encryption key '00000000000000000000000000000000': 0 pak files mounted, 0 remain pending
[2019.05.10-21.41.01:630][  0]LogPakFile: Registered encryption key '00000000000000000000000000000000': 0 pak files mounted, 0 remain pending
[2019.05.10-21.41.01:857][  0]LogContentBrowser: Native class hierarchy updated for 'AddContentDialog' in 0.0003 seconds. Added 0 classes and 0 folders.
[2019.05.10-21.41.01:877][  0]LogContentBrowser: Native class hierarchy updated for 'SceneOutliner' in 0.0003 seconds. Added 1 classes and 2 folders.
[2019.05.10-21.41.01:952][  0]LogSlate: Took 0.000231 seconds to synchronously load lazily loaded font '../../../Engine/Content/Slate/Fonts/Roboto-Regular.ttf' (155K)
[2019.05.10-21.41.01:955][  0]LogSlate: Took 0.000260 seconds to synchronously load lazily loaded font '../../../Engine/Content/Slate/Fonts/Roboto-Bold.ttf' (160K)
[2019.05.10-21.41.01:976][  0]LogSlate: Took 0.011989 seconds to synchronously load lazily loaded font '../../../Engine/Content/Editor/Slate/Fonts/FontAwesome.ttf' (139K)
[2019.05.10-21.41.02:129][  0]LogRenderer: Reallocating scene render targets to support 1004x456 Format 10 NumSamples 1 (Frame:1).
[2019.05.10-21.41.03:098][  0]LogSlate: FSceneViewport::OnFocusLost() reason 2
[2019.05.10-21.41.03:178][  0]LogSlate: Window 'Tutoriales' being destroyed
[2019.05.10-21.41.03:216][  0]LogContentBrowser: Native class hierarchy updated for 'HierarchicalLODOutliner' in 0.0005 seconds. Added 0 classes and 0 folders.
[2019.05.10-21.41.03:216][  0]LogLoad: (Engine Initialization) Total time: 9.64 seconds
[2019.05.10-21.41.03:216][  0]LogLoad: (Engine Initialization) Total Blueprint compile time: 0.00 seconds
[2019.05.10-21.41.03:283][  0]LogShaderCompilers: Display: Shaders left to compile 238
[2019.05.10-21.41.03:283][  0]LogContentStreaming: Texture pool size now 1000 MB
[2019.05.10-21.41.03:323][  0]LogSlate: Took 0.007907 seconds to synchronously load lazily loaded font '../../../Engine/Content/Slate/Fonts/Roboto-Light.ttf' (167K)
[2019.05.10-21.41.03:332][  0]LogShaderCompilers: Display: Shaders left to compile 228
[2019.05.10-21.41.05:110][ 91]LogShaderCompilers: Display: Shaders left to compile 218
[2019.05.10-21.41.05:110][ 91]LogShaderCompilers: Display: Shaders left to compile 208
[2019.05.10-21.41.05:555][118]LogShaderCompilers: Display: Shaders left to compile 198
[2019.05.10-21.41.06:297][164]LogShaderCompilers: Display: Shaders left to compile 188
[2019.05.10-21.41.07:166][215]LogAssetRegistry: Asset discovery search completed in 10.5116 seconds
[2019.05.10-21.41.07:170][215]LogCollectionManager: Rebuilt the object cache for 0 collections in 0.000001 seconds (found 0 objects)
[2019.05.10-21.41.07:170][215]LogCollectionManager: Fixed up redirectors for 0 collections in 0.000103 seconds (updated 0 objects)
[2019.05.10-21.41.07:718][250]LogShaderCompilers: Display: Shaders left to compile 178
[2019.05.10-21.41.08:569][307]LogShaderCompilers: Display: Shaders left to compile 168
[2019.05.10-21.41.08:639][311]LogShaderCompilers: Display: Shaders left to compile 158
[2019.05.10-21.41.19:843][ 19]LogShaderCompilers: Display: Shaders left to compile 148
[2019.05.10-21.41.21:933][155]LogShaderCompilers: Display: Shaders left to compile 138
[2019.05.10-21.41.25:053][355]LogShaderCompilers: Display: Shaders left to compile 128
[2019.05.10-21.41.27:562][517]LogShaderCompilers: Display: Shaders left to compile 118
[2019.05.10-21.41.28:094][554]LogShaderCompilers: Display: Shaders left to compile 108
[2019.05.10-21.41.29:877][672]LogShaderCompilers: Display: Shaders left to compile 98
[2019.05.10-21.41.31:433][776]LogShaderCompilers: Display: Shaders left to compile 88
[2019.05.10-21.41.32:808][867]LogShaderCompilers: Display: Shaders left to compile 78
[2019.05.10-21.41.33:701][926]LogShaderCompilers: Display: Shaders left to compile 68
[2019.05.10-21.41.33:966][942]LogShaderCompilers: Display: Shaders left to compile 58
[2019.05.10-21.41.35:689][ 61]LogShaderCompilers: Display: Shaders left to compile 48
[2019.05.10-21.41.36:126][ 89]LogShaderCompilers: Display: Shaders left to compile 38
[2019.05.10-21.41.36:334][103]LogShaderCompilers: Display: Shaders left to compile 28
[2019.05.10-21.41.36:609][123]LogShaderCompilers: Display: Shaders left to compile 18
[2019.05.10-21.41.38:606][264]LogShaderCompilers: Display: Shaders left to compile 8
[2019.05.10-21.41.52:336][845]LogSlate: FSceneViewport::OnFocusLost() reason 0
[2019.05.10-21.41.52:411][854]LogTemp: Repeating last play command: Selected Viewport
[2019.05.10-21.41.52:422][854]LogBlueprintUserMessages: Early PlayInEditor Detection: Level '/Game/FirstPersonBP/Maps/FirstPersonExampleMap.FirstPersonExampleMap:PersistentLevel' has LevelScriptBlueprint '/Game/FirstPersonBP/Maps/FirstPersonExampleMap.FirstPersonExampleMap:PersistentLevel.FirstPersonExampleMap' with GeneratedClass '/Game/FirstPersonBP/Maps/FirstPersonExampleMap.FirstPersonExampleMap_C' with ClassGeneratedBy '/Game/FirstPersonBP/Maps/FirstPersonExampleMap.FirstPersonExampleMap:PersistentLevel.FirstPersonExampleMap'
[2019.05.10-21.41.52:422][854]LogPlayLevel: PlayLevel: No blueprints needed recompiling
[2019.05.10-21.41.52:424][854]PIE: New page: Sesión PIE (reproducción en el editor): FirstPersonExampleMap (10/5/2019 15:41:52)
[2019.05.10-21.41.52:437][854]LogPlayLevel: Creating play world package: /Game/FirstPersonBP/Maps/UEDPIE_0_FirstPersonExampleMap
[2019.05.10-21.41.52:456][854]LogPlayLevel: PIE: StaticDuplicateObject took: (0.019102s)
[2019.05.10-21.41.52:456][854]LogAIModule: Creating AISystem for world FirstPersonExampleMap
[2019.05.10-21.41.52:457][854]LogPlayLevel: PIE: World Init took: (0.000519s)
[2019.05.10-21.41.52:457][854]LogPlayLevel: PIE: Created PIE world by copying editor world from /Game/FirstPersonBP/Maps/FirstPersonExampleMap.FirstPersonExampleMap to /Game/FirstPersonBP/Maps/UEDPIE_0_FirstPersonExampleMap.FirstPersonExampleMap (0.019834s)
[2019.05.10-21.41.52:481][854]LogInit: XAudio2 using 'Altavoces (Realtek High Definition Audio)' : 2 channels at 48 kHz using 32 bits per sample (channel mask 0x3)
[2019.05.10-21.41.52:494][854]LogInit: FAudioDevice initialized.
[2019.05.10-21.41.52:541][854]LogLoad: Game class is 'FirstPersonGameMode_C'
[2019.05.10-21.41.52:544][854]LogWorld: Bringing World /Game/FirstPersonBP/Maps/UEDPIE_0_FirstPersonExampleMap.FirstPersonExampleMap up for play (max tick rate 0) at 2019.05.10-18.41.52
[2019.05.10-21.41.52:546][854]LogWorld: Bringing up level for play took: 0.002988
[2019.05.10-21.41.52:568][854]LogContentBrowser: Native class hierarchy updated for 'MovieSceneCapture' in 0.0003 seconds. Added 20 classes and 0 folders.
[2019.05.10-21.41.52:568][854]PIE: Tiempo de inicio de la reproducción en el editor para  /Game/FirstPersonBP/Maps/UEDPIE_0_FirstPersonExampleMap -0,59
[2019.05.10-21.41.52:568][854]LogBlueprintUserMessages: Late PlayInEditor Detection: Level '/Game/FirstPersonBP/Maps/FirstPersonExampleMap.FirstPersonExampleMap:PersistentLevel' has LevelScriptBlueprint '/Game/FirstPersonBP/Maps/FirstPersonExampleMap.FirstPersonExampleMap:PersistentLevel.FirstPersonExampleMap' with GeneratedClass '/Game/FirstPersonBP/Maps/FirstPersonExampleMap.FirstPersonExampleMap_C' with ClassGeneratedBy '/Game/FirstPersonBP/Maps/FirstPersonExampleMap.FirstPersonExampleMap:PersistentLevel.FirstPersonExampleMap'
[2019.05.10-21.42.26:247][889]LogBlueprintUserMessages: Early EndPlayMap Detection: Level '/Game/FirstPersonBP/Maps/FirstPersonExampleMap.FirstPersonExampleMap:PersistentLevel' has LevelScriptBlueprint '/Game/FirstPersonBP/Maps/FirstPersonExampleMap.FirstPersonExampleMap:PersistentLevel.FirstPersonExampleMap' with GeneratedClass '/Game/FirstPersonBP/Maps/FirstPersonExampleMap.FirstPersonExampleMap_C' with ClassGeneratedBy '/Game/FirstPersonBP/Maps/FirstPersonExampleMap.FirstPersonExampleMap:PersistentLevel.FirstPersonExampleMap'
[2019.05.10-21.42.26:248][889]LogSlate: Updating window title bar state: overlay mode, drag disabled, window buttons hidden, title bar hidden
[2019.05.10-21.42.26:280][889]LogPlayLevel: Display: Shutting down PIE online subsystems
[2019.05.10-21.42.26:280][889]LogBlueprintUserMessages: Late EndPlayMap Detection: Level '/Game/FirstPersonBP/Maps/FirstPersonExampleMap.FirstPersonExampleMap:PersistentLevel' has LevelScriptBlueprint '/Game/FirstPersonBP/Maps/FirstPersonExampleMap.FirstPersonExampleMap:PersistentLevel.FirstPersonExampleMap' with GeneratedClass '/Game/FirstPersonBP/Maps/FirstPersonExampleMap.FirstPersonExampleMap_C' with ClassGeneratedBy '/Game/FirstPersonBP/Maps/FirstPersonExampleMap.FirstPersonExampleMap:PersistentLevel.FirstPersonExampleMap'
[2019.05.10-21.42.26:300][889]LogSlate: Updating window title bar state: overlay mode, drag disabled, window buttons hidden, title bar hidden
[2019.05.10-21.42.26:349][894]LogPlayLevel: Display: Destroying online subsystem :Context_1
[2019.05.10-21.42.46:795][300]LogSlate: FSceneViewport::OnFocusLost() reason 0
[2019.05.10-21.43.12:775][367]LogSlate: FSceneViewport::OnFocusLost() reason 0
[2019.05.10-21.43.33:268][811]LogSlate: FSceneViewport::OnFocusLost() reason 0
[2019.05.10-21.43.47:473][514]Cmd: TRANSACTION UNDO
[2019.05.10-21.43.47:473][514]LogEditorTransaction: Undo Set Scale
[2019.05.10-21.43.47:497][514]LogSlate: Took 0.000219 seconds to synchronously load lazily loaded font '../../../Engine/Content/Slate/Fonts/Roboto-Light.ttf' (167K)
[2019.05.10-21.44.20:224][388]LogSlate: FSceneViewport::OnFocusLost() reason 0
[2019.05.10-21.44.50:204][869]Cmd: TRANSACTION UNDO
[2019.05.10-21.44.50:204][869]LogEditorTransaction: Undo Move Actors
[2019.05.10-21.44.50:608][912]Cmd: TRANSACTION UNDO
[2019.05.10-21.44.50:608][912]LogEditorTransaction: Undo Move Actors
[2019.05.10-21.44.51:067][963]Cmd: TRANSACTION UNDO
[2019.05.10-21.44.51:067][963]LogEditorTransaction: Undo Move Actors
[2019.05.10-21.44.56:153][566]Cmd: TRANSACTION UNDO
[2019.05.10-21.44.56:153][566]LogEditorTransaction: Undo Move Actors
[2019.05.10-21.45.07:175][876]LogSlate: FSceneViewport::OnFocusLost() reason 0
[2019.05.10-21.45.07:227][879]LogRenderer: Reallocating scene render targets to support 1004x464 Format 10 NumSamples 1 (Frame:23374).
[2019.05.10-21.45.07:267][880]LogRenderer: Reallocating scene render targets to support 1004x476 Format 10 NumSamples 1 (Frame:23376).
[2019.05.10-21.45.07:311][881]LogRenderer: Reallocating scene render targets to support 1004x516 Format 10 NumSamples 1 (Frame:23378).
[2019.05.10-21.45.07:353][882]LogRenderer: Reallocating scene render targets to support 1004x524 Format 10 NumSamples 1 (Frame:23380).
[2019.05.10-21.45.07:479][893]LogRenderer: Reallocating scene render targets to support 1004x528 Format 10 NumSamples 1 (Frame:23392).
[2019.05.10-21.45.07:518][894]LogRenderer: Reallocating scene render targets to support 1004x536 Format 10 NumSamples 1 (Frame:23394).
[2019.05.10-21.45.07:559][895]LogRenderer: Reallocating scene render targets to support 1004x576 Format 10 NumSamples 1 (Frame:23396).
[2019.05.10-21.45.07:599][896]LogRenderer: Reallocating scene render targets to support 1004x628 Format 10 NumSamples 1 (Frame:23398).
[2019.05.10-21.45.07:637][897]LogRenderer: Reallocating scene render targets to support 1004x656 Format 10 NumSamples 1 (Frame:23400).
[2019.05.10-21.45.07:677][898]LogRenderer: Reallocating scene render targets to support 1004x680 Format 10 NumSamples 1 (Frame:23402).
[2019.05.10-21.45.07:729][899]LogRenderer: Reallocating scene render targets to support 1004x720 Format 10 NumSamples 1 (Frame:23404).
[2019.05.10-21.45.50:292][895]LogSlate: FSceneViewport::OnFocusLost() reason 0
[2019.05.10-21.45.52:091][111]LogSlate: FSceneViewport::OnFocusLost() reason 0
[2019.05.10-21.45.53:696][300]LogRenderer: Reallocating scene render targets to support 1004x744 Format 10 NumSamples 1 (Frame:28992).
[2019.05.10-21.46.38:094][429]LogSlate: FSceneViewport::OnFocusLost() reason 0
[2019.05.10-21.46.56:779][651]LogSlate: FSceneViewport::OnFocusLost() reason 0
[2019.05.10-21.47.10:814][323]LogSlate: FSceneViewport::OnFocusLost() reason 2
[2019.05.10-21.47.11:985][463]LogSlate: FSceneViewport::OnFocusLost() reason 2
[2019.05.10-21.47.15:521][825]LogSlate: Took 0.017286 seconds to synchronously load lazily loaded font '../../../Engine/Content/Slate/Fonts/DroidSansFallback.ttf' (3848K)
[2019.05.10-21.47.15:538][826]LogSlate: Took 0.006651 seconds to synchronously load lazily loaded font '../../../Engine/Content/Slate/Fonts/NotoNaskhArabicUI-Regular.ttf' (144K)
[2019.05.10-21.47.17:590][  9]LogPackageLocalizationCache: Processed 11 localized package path(s) for 1 prioritized culture(s) in 0.057872 seconds
[2019.05.10-21.47.17:590][  9]LogSlate: FontCache flush requested. Reason: Culture for localization was changed
[2019.05.10-21.47.17:590][  9]LogSlate: FontCache flush requested. Reason: Culture for localization was changed
[2019.05.10-21.47.18:007][ 10]LogSlate: Took 0.000227 seconds to synchronously load lazily loaded font '../../../Engine/Content/Slate/Fonts/Roboto-Regular.ttf' (155K)
[2019.05.10-21.47.18:011][ 10]LogSlate: Took 0.000177 seconds to synchronously load lazily loaded font '../../../Engine/Content/Slate/Fonts/Roboto-Bold.ttf' (160K)
[2019.05.10-21.47.18:017][ 10]LogSlate: Took 0.000132 seconds to synchronously load lazily loaded font '../../../Engine/Content/Editor/Slate/Fonts/FontAwesome.ttf' (139K)
[2019.05.10-21.47.18:018][ 10]LogSlate: Took 0.000101 seconds to synchronously load lazily loaded font '../../../Engine/Content/Slate/Fonts/Roboto-Light.ttf' (167K)
[2019.05.10-21.47.18:778][ 99]LogSlate: Window 'Editor Preferences' being destroyed
[2019.05.10-21.47.18:780][ 99]LogSlate: Window 'Editor Preferences' being destroyed
[2019.05.10-21.47.20:029][240]LogSlate: FSceneViewport::OnFocusLost() reason 0
[2019.05.10-21.47.33:397][830]LogSlate: FSceneViewport::OnFocusLost() reason 0
[2019.05.10-21.48.02:274][167]LogEditorViewport: Clicking on Actor (LMB): Brush (Escalera lineal Pincel)
[2019.05.10-21.48.28:782][291]Cmd: TRANSACTION UNDO
[2019.05.10-21.48.28:782][291]LogEditorTransaction: Undo Move Actors
[2019.05.10-21.48.28:805][291]LogSlate: Took 0.000257 seconds to synchronously load lazily loaded font '../../../Engine/Content/Slate/Fonts/Roboto-Light.ttf' (167K)
[2019.05.10-21.48.39:768][563]LogEditorViewport: Clicking on Actor (LMB): Brush (Escalera lineal Pincel)
[2019.05.10-21.48.46:535][369]Cmd: TRANSACTION UNDO
[2019.05.10-21.48.46:535][369]LogEditorTransaction: Undo Clicking on Actors
[2019.05.10-21.49.02:948][269]LogSlate: FSceneViewport::OnFocusLost() reason 0
[2019.05.10-21.49.03:025][278]LogTemp: Repeating last play command: Selected Viewport
[2019.05.10-21.49.03:036][278]LogBlueprintUserMessages: Early PlayInEditor Detection: Level '/Game/FirstPersonBP/Maps/FirstPersonExampleMap.FirstPersonExampleMap:PersistentLevel' has LevelScriptBlueprint '/Game/FirstPersonBP/Maps/FirstPersonExampleMap.FirstPersonExampleMap:PersistentLevel.FirstPersonExampleMap' with GeneratedClass '/Game/FirstPersonBP/Maps/FirstPersonExampleMap.FirstPersonExampleMap_C' with ClassGeneratedBy '/Game/FirstPersonBP/Maps/FirstPersonExampleMap.FirstPersonExampleMap:PersistentLevel.FirstPersonExampleMap'
[2019.05.10-21.49.03:036][278]LogPlayLevel: PlayLevel: No blueprints needed recompiling
[2019.05.10-21.49.03:036][278]PIE: New page: PIE session: FirstPersonExampleMap (May 10, 2019, 3:49:03 PM)
[2019.05.10-21.49.03:036][278]LogPlayLevel: Creating play world package: /Game/FirstPersonBP/Maps/UEDPIE_0_FirstPersonExampleMap
[2019.05.10-21.49.03:055][278]LogPlayLevel: PIE: StaticDuplicateObject took: (0.018368s)
[2019.05.10-21.49.03:055][278]LogAIModule: Creating AISystem for world FirstPersonExampleMap
[2019.05.10-21.49.03:055][278]LogPlayLevel: PIE: World Init took: (0.000573s)
[2019.05.10-21.49.03:056][278]LogPlayLevel: PIE: Created PIE world by copying editor world from /Game/FirstPersonBP/Maps/FirstPersonExampleMap.FirstPersonExampleMap to /Game/FirstPersonBP/Maps/UEDPIE_0_FirstPersonExampleMap.FirstPersonExampleMap (0.019056s)
[2019.05.10-21.49.03:080][278]LogInit: XAudio2 using 'Altavoces (Realtek High Definition Audio)' : 2 channels at 48 kHz using 32 bits per sample (channel mask 0x3)
[2019.05.10-21.49.03:093][278]LogInit: FAudioDevice initialized.
[2019.05.10-21.49.03:120][278]LogLoad: Game class is 'FirstPersonGameMode_C'
[2019.05.10-21.49.03:123][278]LogWorld: Bringing World /Game/FirstPersonBP/Maps/UEDPIE_0_FirstPersonExampleMap.FirstPersonExampleMap up for play (max tick rate 0) at 2019.05.10-18.49.03
[2019.05.10-21.49.03:123][278]LogWorld: Bringing up level for play took: 0.001875
[2019.05.10-21.49.03:136][278]PIE: Play in editor start time for /Game/FirstPersonBP/Maps/UEDPIE_0_FirstPersonExampleMap -0.022
[2019.05.10-21.49.03:141][278]LogBlueprintUserMessages: Late PlayInEditor Detection: Level '/Game/FirstPersonBP/Maps/FirstPersonExampleMap.FirstPersonExampleMap:PersistentLevel' has LevelScriptBlueprint '/Game/FirstPersonBP/Maps/FirstPersonExampleMap.FirstPersonExampleMap:PersistentLevel.FirstPersonExampleMap' with GeneratedClass '/Game/FirstPersonBP/Maps/FirstPersonExampleMap.FirstPersonExampleMap_C' with ClassGeneratedBy '/Game/FirstPersonBP/Maps/FirstPersonExampleMap.FirstPersonExampleMap:PersistentLevel.FirstPersonExampleMap'
[2019.05.10-21.49.38:471][513]LogBlueprintUserMessages: Early EndPlayMap Detection: Level '/Game/FirstPersonBP/Maps/FirstPersonExampleMap.FirstPersonExampleMap:PersistentLevel' has LevelScriptBlueprint '/Game/FirstPersonBP/Maps/FirstPersonExampleMap.FirstPersonExampleMap:PersistentLevel.FirstPersonExampleMap' with GeneratedClass '/Game/FirstPersonBP/Maps/FirstPersonExampleMap.FirstPersonExampleMap_C' with ClassGeneratedBy '/Game/FirstPersonBP/Maps/FirstPersonExampleMap.FirstPersonExampleMap:PersistentLevel.FirstPersonExampleMap'
[2019.05.10-21.49.38:473][513]LogSlate: Updating window title bar state: overlay mode, drag disabled, window buttons hidden, title bar hidden
[2019.05.10-21.49.38:501][513]LogPlayLevel: Display: Shutting down PIE online subsystems
[2019.05.10-21.49.38:501][513]LogBlueprintUserMessages: Late EndPlayMap Detection: Level '/Game/FirstPersonBP/Maps/FirstPersonExampleMap.FirstPersonExampleMap:PersistentLevel' has LevelScriptBlueprint '/Game/FirstPersonBP/Maps/FirstPersonExampleMap.FirstPersonExampleMap:PersistentLevel.FirstPersonExampleMap' with GeneratedClass '/Game/FirstPersonBP/Maps/FirstPersonExampleMap.FirstPersonExampleMap_C' with ClassGeneratedBy '/Game/FirstPersonBP/Maps/FirstPersonExampleMap.FirstPersonExampleMap:PersistentLevel.FirstPersonExampleMap'
[2019.05.10-21.49.38:522][513]LogSlate: Updating window title bar state: overlay mode, drag disabled, window buttons hidden, title bar hidden
[2019.05.10-21.49.38:571][518]LogPlayLevel: Display: Destroying online subsystem :Context_3
[2019.05.10-21.49.56:462][655]LogSlate: FSceneViewport::OnFocusLost() reason 0
[2019.05.10-21.50.16:969][ 98]LogSlate: FSceneViewport::OnFocusLost() reason 0
[2019.05.10-21.50.20:421][495]LogSlate: FSceneViewport::OnFocusLost() reason 0
[2019.05.10-21.50.50:712][ 57]Cmd: TRANSACTION UNDO
[2019.05.10-21.50.50:712][ 57]LogEditorTransaction: Undo Move Actors
[2019.05.10-21.52.00:615][327]LogSlate: FSceneViewport::OnFocusLost() reason 0
[2019.05.10-21.52.19:768][612]LogSlate: FSceneViewport::OnFocusLost() reason 0
[2019.05.10-21.53.17:362][508]LogSlate: FSceneViewport::OnFocusLost() reason 2
[2019.05.10-21.53.17:629][508]LogSavePackage: Moving '../../../../../../Users/Administrador/Desktop/Unreal-Abecasis-Novak/TP1_Abecasis_Novak/Saved/FirstPersonExampleMap_Auto168B3C1044F17D17FB35E7C82CCF1B722.tmp' to '../../../../../../Users/Administrador/Desktop/Unreal-Abecasis-Novak/TP1_Abecasis_Novak/Saved/Autosaves/Game/FirstPersonBP/Maps/FirstPersonExampleMap_Auto1.umap'
[2019.05.10-21.53.17:637][508]LogFileHelpers: Editor autosave (incl. sublevels) for '/Game/FirstPersonBP/Maps/FirstPersonExampleMap' took 0.248
[2019.05.10-21.53.17:637][508]LogFileHelpers: Editor autosave (incl. sublevels) for all levels took 0.248
[2019.05.10-21.54.50:032][585]LogSlate: FSceneViewport::OnFocusLost() reason 0
[2019.05.10-22.08.09:462][889]Cmd: TRANSACTION UNDO
[2019.05.10-22.08.09:462][889]LogEditorTransaction: Undo Move Actors
[2019.05.10-22.09.06:205][506]LogSlate: FSceneViewport::OnFocusLost() reason 0
[2019.05.10-22.09.11:218][ 98]Cmd: BRUSH ADD SELECTNEWBRUSH
[2019.05.10-22.09.13:775][392]LogSlate: FSceneViewport::OnFocusLost() reason 0
[2019.05.10-22.09.23:793][557]LogSlate: FSceneViewport::OnFocusLost() reason 0
[2019.05.10-22.10.17:905][862]LogSlate: FSceneViewport::OnFocusLost() reason 0
[2019.05.10-22.10.17:989][872]LogTemp: Repeating last play command: Selected Viewport
[2019.05.10-22.10.17:999][872]LogBlueprintUserMessages: Early PlayInEditor Detection: Level '/Game/FirstPersonBP/Maps/FirstPersonExampleMap.FirstPersonExampleMap:PersistentLevel' has LevelScriptBlueprint '/Game/FirstPersonBP/Maps/FirstPersonExampleMap.FirstPersonExampleMap:PersistentLevel.FirstPersonExampleMap' with GeneratedClass '/Game/FirstPersonBP/Maps/FirstPersonExampleMap.FirstPersonExampleMap_C' with ClassGeneratedBy '/Game/FirstPersonBP/Maps/FirstPersonExampleMap.FirstPersonExampleMap:PersistentLevel.FirstPersonExampleMap'
[2019.05.10-22.10.17:999][872]LogPlayLevel: PlayLevel: No blueprints needed recompiling
[2019.05.10-22.10.17:999][872]PIE: New page: PIE session: FirstPersonExampleMap (May 10, 2019, 4:10:17 PM)
[2019.05.10-22.10.17:999][872]LogPlayLevel: Creating play world package: /Game/FirstPersonBP/Maps/UEDPIE_0_FirstPersonExampleMap
[2019.05.10-22.10.18:021][872]LogPlayLevel: PIE: StaticDuplicateObject took: (0.021561s)
[2019.05.10-22.10.18:021][872]LogAIModule: Creating AISystem for world FirstPersonExampleMap
[2019.05.10-22.10.18:022][872]LogPlayLevel: PIE: World Init took: (0.000630s)
[2019.05.10-22.10.18:022][872]LogPlayLevel: PIE: Created PIE world by copying editor world from /Game/FirstPersonBP/Maps/FirstPersonExampleMap.FirstPersonExampleMap to /Game/FirstPersonBP/Maps/UEDPIE_0_FirstPersonExampleMap.FirstPersonExampleMap (0.022299s)
[2019.05.10-22.10.18:045][872]LogInit: XAudio2 using 'Altavoces (Realtek High Definition Audio)' : 2 channels at 48 kHz using 32 bits per sample (channel mask 0x3)
[2019.05.10-22.10.18:061][872]LogInit: FAudioDevice initialized.
[2019.05.10-22.10.18:093][872]LogLoad: Game class is 'FirstPersonGameMode_C'
[2019.05.10-22.10.18:095][872]LogWorld: Bringing World /Game/FirstPersonBP/Maps/UEDPIE_0_FirstPersonExampleMap.FirstPersonExampleMap up for play (max tick rate 0) at 2019.05.10-19.10.18
[2019.05.10-22.10.18:095][872]LogWorld: Bringing up level for play took: 0.001658
[2019.05.10-22.10.18:108][872]PIE: Play in editor start time for /Game/FirstPersonBP/Maps/UEDPIE_0_FirstPersonExampleMap 0.949
[2019.05.10-22.10.18:108][872]LogBlueprintUserMessages: Late PlayInEditor Detection: Level '/Game/FirstPersonBP/Maps/FirstPersonExampleMap.FirstPersonExampleMap:PersistentLevel' has LevelScriptBlueprint '/Game/FirstPersonBP/Maps/FirstPersonExampleMap.FirstPersonExampleMap:PersistentLevel.FirstPersonExampleMap' with GeneratedClass '/Game/FirstPersonBP/Maps/FirstPersonExampleMap.FirstPersonExampleMap_C' with ClassGeneratedBy '/Game/FirstPersonBP/Maps/FirstPersonExampleMap.FirstPersonExampleMap:PersistentLevel.FirstPersonExampleMap'
[2019.05.10-22.55.47:140][310]LogSlate: FSceneViewport::OnFocusLost() reason 0
